# Logfile created on 2014-03-01 18:19:21 -0500 by logger.rb/44203
I, [2014-03-01T18:19:21.324403 #2538]  INFO -- : 0:  i18n (0.6.9) from /Users/williamjeffries/.rvm/gems/ruby-2.1.0/specifications/i18n-0.6.9.gemspec
I, [2014-03-01T18:19:21.324690 #2538]  INFO -- : 0:  minitest (4.7.5) from /Users/williamjeffries/.rvm/rubies/ruby-2.1.0/lib/ruby/gems/2.1.0/specifications/default/minitest-4.7.5.gemspec
I, [2014-03-01T18:19:21.324919 #2538]  INFO -- : 0:  multi_json (1.8.4) from /Users/williamjeffries/.rvm/gems/ruby-2.1.0/specifications/multi_json-1.8.4.gemspec
I, [2014-03-01T18:19:21.325115 #2538]  INFO -- : 0:  atomic (1.1.15) from /Users/williamjeffries/.rvm/gems/ruby-2.1.0/specifications/atomic-1.1.15.gemspec
I, [2014-03-01T18:19:21.325320 #2538]  INFO -- : 0:  thread_safe (0.2.0) from /Users/williamjeffries/.rvm/gems/ruby-2.1.0/specifications/thread_safe-0.2.0.gemspec
I, [2014-03-01T18:19:21.325528 #2538]  INFO -- : 0:  tzinfo (0.3.38) from /Users/williamjeffries/.rvm/gems/ruby-2.1.0/specifications/tzinfo-0.3.38.gemspec
I, [2014-03-01T18:19:21.325731 #2538]  INFO -- : 0:  activesupport (4.0.3) from /Users/williamjeffries/.rvm/gems/ruby-2.1.0/specifications/activesupport-4.0.3.gemspec
I, [2014-03-01T18:19:21.325932 #2538]  INFO -- : 0:  builder (3.1.4) from /Users/williamjeffries/.rvm/gems/ruby-2.1.0/specifications/builder-3.1.4.gemspec
I, [2014-03-01T18:19:21.326133 #2538]  INFO -- : 0:  activemodel (4.0.3) from /Users/williamjeffries/.rvm/gems/ruby-2.1.0/specifications/activemodel-4.0.3.gemspec
I, [2014-03-01T18:19:21.326332 #2538]  INFO -- : 0:  activerecord-deprecated_finders (1.0.3) from /Users/williamjeffries/.rvm/gems/ruby-2.1.0/specifications/activerecord-deprecated_finders-1.0.3.gemspec
I, [2014-03-01T18:19:21.326534 #2538]  INFO -- : 0:  arel (4.0.2) from /Users/williamjeffries/.rvm/gems/ruby-2.1.0/specifications/arel-4.0.2.gemspec
I, [2014-03-01T18:19:21.326724 #2538]  INFO -- : 0:  activerecord (4.0.3) from /Users/williamjeffries/.rvm/gems/ruby-2.1.0/specifications/activerecord-4.0.3.gemspec
I, [2014-03-01T18:19:21.326914 #2538]  INFO -- : 0:  coderay (1.1.0) from /Users/williamjeffries/.rvm/gems/ruby-2.1.0/specifications/coderay-1.1.0.gemspec
I, [2014-03-01T18:19:21.327104 #2538]  INFO -- : 0:  diff-lcs (1.2.5) from /Users/williamjeffries/.rvm/gems/ruby-2.1.0/specifications/diff-lcs-1.2.5.gemspec
I, [2014-03-01T18:19:21.327298 #2538]  INFO -- : 0:  method_source (0.8.2) from /Users/williamjeffries/.rvm/gems/ruby-2.1.0/specifications/method_source-0.8.2.gemspec
I, [2014-03-01T18:19:21.327485 #2538]  INFO -- : 0:  slop (3.4.7) from /Users/williamjeffries/.rvm/gems/ruby-2.1.0/specifications/slop-3.4.7.gemspec
I, [2014-03-01T18:19:21.327682 #2538]  INFO -- : 0:  pry (0.9.12.6) from /Users/williamjeffries/.rvm/gems/ruby-2.1.0/specifications/pry-0.9.12.6.gemspec
I, [2014-03-01T18:19:21.327886 #2538]  INFO -- : 0:  pry-nav (0.2.3) from /Users/williamjeffries/.rvm/gems/ruby-2.1.0/specifications/pry-nav-0.2.3.gemspec
I, [2014-03-01T18:19:23.329959 #2538]  INFO -- : 0:  rspec-core (2.14.8) from /Users/williamjeffries/.rvm/gems/ruby-2.1.0/specifications/rspec-core-2.14.8.gemspec
I, [2014-03-01T18:19:23.330350 #2538]  INFO -- : 0:  rspec-expectations (2.14.5) from /Users/williamjeffries/.rvm/gems/ruby-2.1.0/specifications/rspec-expectations-2.14.5.gemspec
I, [2014-03-01T18:19:23.330611 #2538]  INFO -- : 0:  rspec-mocks (2.14.6) from /Users/williamjeffries/.rvm/gems/ruby-2.1.0/specifications/rspec-mocks-2.14.6.gemspec
I, [2014-03-01T18:19:23.330848 #2538]  INFO -- : 0:  rspec (2.14.1) from /Users/williamjeffries/.rvm/gems/ruby-2.1.0/specifications/rspec-2.14.1.gemspec
I, [2014-03-01T18:19:23.331093 #2538]  INFO -- : 0:  sqlite3 (1.3.9) from /Users/williamjeffries/.rvm/gems/ruby-2.1.0/specifications/sqlite3-1.3.9.gemspec
I, [2014-03-01T18:19:23.331320 #2538]  INFO -- : 0:  bundler (1.5.1) from /Users/williamjeffries/.rvm/gems/ruby-2.1.0@global/specifications/bundler-1.5.1.gemspec
I, [2014-03-01T19:08:15.950273 #2890]  INFO -- : 0:  i18n (0.6.9) from /Users/williamjeffries/.rvm/gems/ruby-2.1.0/specifications/i18n-0.6.9.gemspec
I, [2014-03-01T19:08:15.950607 #2890]  INFO -- : 0:  minitest (4.7.5) from /Users/williamjeffries/.rvm/rubies/ruby-2.1.0/lib/ruby/gems/2.1.0/specifications/default/minitest-4.7.5.gemspec
I, [2014-03-01T19:08:15.950841 #2890]  INFO -- : 0:  multi_json (1.8.4) from /Users/williamjeffries/.rvm/gems/ruby-2.1.0/specifications/multi_json-1.8.4.gemspec
I, [2014-03-01T19:08:15.951054 #2890]  INFO -- : 0:  atomic (1.1.15) from /Users/williamjeffries/.rvm/gems/ruby-2.1.0/specifications/atomic-1.1.15.gemspec
I, [2014-03-01T19:08:15.951271 #2890]  INFO -- : 0:  thread_safe (0.2.0) from /Users/williamjeffries/.rvm/gems/ruby-2.1.0/specifications/thread_safe-0.2.0.gemspec
I, [2014-03-01T19:08:15.951498 #2890]  INFO -- : 0:  tzinfo (0.3.38) from /Users/williamjeffries/.rvm/gems/ruby-2.1.0/specifications/tzinfo-0.3.38.gemspec
I, [2014-03-01T19:08:15.951730 #2890]  INFO -- : 0:  activesupport (4.0.3) from /Users/williamjeffries/.rvm/gems/ruby-2.1.0/specifications/activesupport-4.0.3.gemspec
I, [2014-03-01T19:08:15.951956 #2890]  INFO -- : 0:  builder (3.1.4) from /Users/williamjeffries/.rvm/gems/ruby-2.1.0/specifications/builder-3.1.4.gemspec
I, [2014-03-01T19:08:15.952170 #2890]  INFO -- : 0:  activemodel (4.0.3) from /Users/williamjeffries/.rvm/gems/ruby-2.1.0/specifications/activemodel-4.0.3.gemspec
I, [2014-03-01T19:08:15.952415 #2890]  INFO -- : 0:  activerecord-deprecated_finders (1.0.3) from /Users/williamjeffries/.rvm/gems/ruby-2.1.0/specifications/activerecord-deprecated_finders-1.0.3.gemspec
I, [2014-03-01T19:08:15.952602 #2890]  INFO -- : 0:  arel (4.0.2) from /Users/williamjeffries/.rvm/gems/ruby-2.1.0/specifications/arel-4.0.2.gemspec
I, [2014-03-01T19:08:15.952839 #2890]  INFO -- : 0:  activerecord (4.0.3) from /Users/williamjeffries/.rvm/gems/ruby-2.1.0/specifications/activerecord-4.0.3.gemspec
I, [2014-03-01T19:08:15.953051 #2890]  INFO -- : 0:  coderay (1.1.0) from /Users/williamjeffries/.rvm/gems/ruby-2.1.0/specifications/coderay-1.1.0.gemspec
I, [2014-03-01T19:08:15.953258 #2890]  INFO -- : 0:  diff-lcs (1.2.5) from /Users/williamjeffries/.rvm/gems/ruby-2.1.0/specifications/diff-lcs-1.2.5.gemspec
I, [2014-03-01T19:08:15.953483 #2890]  INFO -- : 0:  method_source (0.8.2) from /Users/williamjeffries/.rvm/gems/ruby-2.1.0/specifications/method_source-0.8.2.gemspec
I, [2014-03-01T19:08:15.953689 #2890]  INFO -- : 0:  slop (3.4.7) from /Users/williamjeffries/.rvm/gems/ruby-2.1.0/specifications/slop-3.4.7.gemspec
I, [2014-03-01T19:08:15.953898 #2890]  INFO -- : 0:  pry (0.9.12.6) from /Users/williamjeffries/.rvm/gems/ruby-2.1.0/specifications/pry-0.9.12.6.gemspec
I, [2014-03-01T19:08:15.954097 #2890]  INFO -- : 0:  pry-nav (0.2.3) from /Users/williamjeffries/.rvm/gems/ruby-2.1.0/specifications/pry-nav-0.2.3.gemspec
I, [2014-03-01T19:08:15.954308 #2890]  INFO -- : 0:  rack (1.5.2) from /Users/williamjeffries/.rvm/gems/ruby-2.1.0/specifications/rack-1.5.2.gemspec
I, [2014-03-01T19:08:15.954520 #2890]  INFO -- : 0:  rack-protection (1.5.2) from /Users/williamjeffries/.rvm/gems/ruby-2.1.0/specifications/rack-protection-1.5.2.gemspec
I, [2014-03-01T19:08:15.954727 #2890]  INFO -- : 0:  rspec-core (2.14.8) from /Users/williamjeffries/.rvm/gems/ruby-2.1.0/specifications/rspec-core-2.14.8.gemspec
I, [2014-03-01T19:08:15.954943 #2890]  INFO -- : 0:  rspec-expectations (2.14.5) from /Users/williamjeffries/.rvm/gems/ruby-2.1.0/specifications/rspec-expectations-2.14.5.gemspec
I, [2014-03-01T19:08:15.955173 #2890]  INFO -- : 0:  rspec-mocks (2.14.6) from /Users/williamjeffries/.rvm/gems/ruby-2.1.0/specifications/rspec-mocks-2.14.6.gemspec
I, [2014-03-01T19:08:15.955392 #2890]  INFO -- : 0:  rspec (2.14.1) from /Users/williamjeffries/.rvm/gems/ruby-2.1.0/specifications/rspec-2.14.1.gemspec
I, [2014-03-01T19:08:15.955596 #2890]  INFO -- : 0:  tilt (1.4.1) from /Users/williamjeffries/.rvm/gems/ruby-2.1.0/specifications/tilt-1.4.1.gemspec
I, [2014-03-01T19:08:15.955831 #2890]  INFO -- : 0:  sinatra (1.4.4) from /Users/williamjeffries/.rvm/gems/ruby-2.1.0/specifications/sinatra-1.4.4.gemspec
I, [2014-03-01T19:08:15.956064 #2890]  INFO -- : 0:  sqlite3 (1.3.9) from /Users/williamjeffries/.rvm/gems/ruby-2.1.0/specifications/sqlite3-1.3.9.gemspec
I, [2014-03-01T19:08:15.956280 #2890]  INFO -- : 0:  bundler (1.5.1) from /Users/williamjeffries/.rvm/gems/ruby-2.1.0@global/specifications/bundler-1.5.1.gemspec
I, [2014-03-01T19:08:57.683332 #2915]  INFO -- : 0:  i18n (0.6.9) from /Users/williamjeffries/.rvm/gems/ruby-2.1.0/specifications/i18n-0.6.9.gemspec
I, [2014-03-01T19:08:57.683660 #2915]  INFO -- : 0:  minitest (4.7.5) from /Users/williamjeffries/.rvm/rubies/ruby-2.1.0/lib/ruby/gems/2.1.0/specifications/default/minitest-4.7.5.gemspec
I, [2014-03-01T19:08:57.683892 #2915]  INFO -- : 0:  multi_json (1.8.4) from /Users/williamjeffries/.rvm/gems/ruby-2.1.0/specifications/multi_json-1.8.4.gemspec
I, [2014-03-01T19:08:57.684107 #2915]  INFO -- : 0:  atomic (1.1.15) from /Users/williamjeffries/.rvm/gems/ruby-2.1.0/specifications/atomic-1.1.15.gemspec
I, [2014-03-01T19:08:57.684314 #2915]  INFO -- : 0:  thread_safe (0.2.0) from /Users/williamjeffries/.rvm/gems/ruby-2.1.0/specifications/thread_safe-0.2.0.gemspec
I, [2014-03-01T19:08:57.684527 #2915]  INFO -- : 0:  tzinfo (0.3.38) from /Users/williamjeffries/.rvm/gems/ruby-2.1.0/specifications/tzinfo-0.3.38.gemspec
I, [2014-03-01T19:08:57.684740 #2915]  INFO -- : 0:  activesupport (4.0.3) from /Users/williamjeffries/.rvm/gems/ruby-2.1.0/specifications/activesupport-4.0.3.gemspec
I, [2014-03-01T19:08:57.684965 #2915]  INFO -- : 0:  builder (3.1.4) from /Users/williamjeffries/.rvm/gems/ruby-2.1.0/specifications/builder-3.1.4.gemspec
I, [2014-03-01T19:08:57.685177 #2915]  INFO -- : 0:  activemodel (4.0.3) from /Users/williamjeffries/.rvm/gems/ruby-2.1.0/specifications/activemodel-4.0.3.gemspec
I, [2014-03-01T19:08:57.685401 #2915]  INFO -- : 0:  activerecord-deprecated_finders (1.0.3) from /Users/williamjeffries/.rvm/gems/ruby-2.1.0/specifications/activerecord-deprecated_finders-1.0.3.gemspec
I, [2014-03-01T19:08:57.685637 #2915]  INFO -- : 0:  arel (4.0.2) from /Users/williamjeffries/.rvm/gems/ruby-2.1.0/specifications/arel-4.0.2.gemspec
I, [2014-03-01T19:08:57.685857 #2915]  INFO -- : 0:  activerecord (4.0.3) from /Users/williamjeffries/.rvm/gems/ruby-2.1.0/specifications/activerecord-4.0.3.gemspec
I, [2014-03-01T19:08:57.686079 #2915]  INFO -- : 0:  coderay (1.1.0) from /Users/williamjeffries/.rvm/gems/ruby-2.1.0/specifications/coderay-1.1.0.gemspec
I, [2014-03-01T19:08:57.686308 #2915]  INFO -- : 0:  diff-lcs (1.2.5) from /Users/williamjeffries/.rvm/gems/ruby-2.1.0/specifications/diff-lcs-1.2.5.gemspec
I, [2014-03-01T19:08:57.686525 #2915]  INFO -- : 0:  method_source (0.8.2) from /Users/williamjeffries/.rvm/gems/ruby-2.1.0/specifications/method_source-0.8.2.gemspec
I, [2014-03-01T19:08:57.686751 #2915]  INFO -- : 0:  slop (3.4.7) from /Users/williamjeffries/.rvm/gems/ruby-2.1.0/specifications/slop-3.4.7.gemspec
I, [2014-03-01T19:08:57.686972 #2915]  INFO -- : 0:  pry (0.9.12.6) from /Users/williamjeffries/.rvm/gems/ruby-2.1.0/specifications/pry-0.9.12.6.gemspec
I, [2014-03-01T19:08:57.687201 #2915]  INFO -- : 0:  pry-nav (0.2.3) from /Users/williamjeffries/.rvm/gems/ruby-2.1.0/specifications/pry-nav-0.2.3.gemspec
I, [2014-03-01T19:08:57.687421 #2915]  INFO -- : 0:  rack (1.5.2) from /Users/williamjeffries/.rvm/gems/ruby-2.1.0/specifications/rack-1.5.2.gemspec
I, [2014-03-01T19:08:57.687663 #2915]  INFO -- : 0:  rack-protection (1.5.2) from /Users/williamjeffries/.rvm/gems/ruby-2.1.0/specifications/rack-protection-1.5.2.gemspec
I, [2014-03-01T19:08:57.687892 #2915]  INFO -- : 0:  rspec-core (2.14.8) from /Users/williamjeffries/.rvm/gems/ruby-2.1.0/specifications/rspec-core-2.14.8.gemspec
I, [2014-03-01T19:08:57.688141 #2915]  INFO -- : 0:  rspec-expectations (2.14.5) from /Users/williamjeffries/.rvm/gems/ruby-2.1.0/specifications/rspec-expectations-2.14.5.gemspec
I, [2014-03-01T19:08:57.688371 #2915]  INFO -- : 0:  rspec-mocks (2.14.6) from /Users/williamjeffries/.rvm/gems/ruby-2.1.0/specifications/rspec-mocks-2.14.6.gemspec
I, [2014-03-01T19:08:57.688606 #2915]  INFO -- : 0:  rspec (2.14.1) from /Users/williamjeffries/.rvm/gems/ruby-2.1.0/specifications/rspec-2.14.1.gemspec
I, [2014-03-01T19:08:57.688857 #2915]  INFO -- : 0:  tilt (1.4.1) from /Users/williamjeffries/.rvm/gems/ruby-2.1.0/specifications/tilt-1.4.1.gemspec
I, [2014-03-01T19:08:57.689080 #2915]  INFO -- : 0:  sinatra (1.4.4) from /Users/williamjeffries/.rvm/gems/ruby-2.1.0/specifications/sinatra-1.4.4.gemspec
I, [2014-03-01T19:08:57.689331 #2915]  INFO -- : 0:  sqlite3 (1.3.9) from /Users/williamjeffries/.rvm/gems/ruby-2.1.0/specifications/sqlite3-1.3.9.gemspec
I, [2014-03-01T19:08:57.689535 #2915]  INFO -- : 0:  bundler (1.5.1) from /Users/williamjeffries/.rvm/gems/ruby-2.1.0@global/specifications/bundler-1.5.1.gemspec
I, [2014-03-01T21:57:08.580220 #5450]  INFO -- : 0:  i18n (0.6.9) from /Users/williamjeffries/.rvm/gems/ruby-2.1.0/specifications/i18n-0.6.9.gemspec
I, [2014-03-01T21:57:08.580550 #5450]  INFO -- : 0:  minitest (4.7.5) from /Users/williamjeffries/.rvm/rubies/ruby-2.1.0/lib/ruby/gems/2.1.0/specifications/default/minitest-4.7.5.gemspec
I, [2014-03-01T21:57:08.580835 #5450]  INFO -- : 0:  multi_json (1.8.4) from /Users/williamjeffries/.rvm/gems/ruby-2.1.0/specifications/multi_json-1.8.4.gemspec
I, [2014-03-01T21:57:08.581104 #5450]  INFO -- : 0:  atomic (1.1.15) from /Users/williamjeffries/.rvm/gems/ruby-2.1.0/specifications/atomic-1.1.15.gemspec
I, [2014-03-01T21:57:08.581375 #5450]  INFO -- : 0:  thread_safe (0.2.0) from /Users/williamjeffries/.rvm/gems/ruby-2.1.0/specifications/thread_safe-0.2.0.gemspec
I, [2014-03-01T21:57:08.581632 #5450]  INFO -- : 0:  tzinfo (0.3.38) from /Users/williamjeffries/.rvm/gems/ruby-2.1.0/specifications/tzinfo-0.3.38.gemspec
I, [2014-03-01T21:57:08.581910 #5450]  INFO -- : 0:  activesupport (4.0.3) from /Users/williamjeffries/.rvm/gems/ruby-2.1.0/specifications/activesupport-4.0.3.gemspec
I, [2014-03-01T21:57:08.582162 #5450]  INFO -- : 0:  builder (3.1.4) from /Users/williamjeffries/.rvm/gems/ruby-2.1.0/specifications/builder-3.1.4.gemspec
I, [2014-03-01T21:57:08.582436 #5450]  INFO -- : 0:  activemodel (4.0.3) from /Users/williamjeffries/.rvm/gems/ruby-2.1.0/specifications/activemodel-4.0.3.gemspec
I, [2014-03-01T21:57:08.582650 #5450]  INFO -- : 0:  activerecord-deprecated_finders (1.0.3) from /Users/williamjeffries/.rvm/gems/ruby-2.1.0/specifications/activerecord-deprecated_finders-1.0.3.gemspec
I, [2014-03-01T21:57:08.582983 #5450]  INFO -- : 0:  arel (4.0.2) from /Users/williamjeffries/.rvm/gems/ruby-2.1.0/specifications/arel-4.0.2.gemspec
I, [2014-03-01T21:57:08.583442 #5450]  INFO -- : 0:  activerecord (4.0.3) from /Users/williamjeffries/.rvm/gems/ruby-2.1.0/specifications/activerecord-4.0.3.gemspec
I, [2014-03-01T21:57:08.583874 #5450]  INFO -- : 0:  mime-types (2.1) from /Users/williamjeffries/.rvm/gems/ruby-2.1.0/specifications/mime-types-2.1.gemspec
I, [2014-03-01T21:57:08.584270 #5450]  INFO -- : 0:  mini_portile (0.5.2) from /Users/williamjeffries/.rvm/gems/ruby-2.1.0/specifications/mini_portile-0.5.2.gemspec
I, [2014-03-01T21:57:08.584514 #5450]  INFO -- : 0:  nokogiri (1.6.1) from /Users/williamjeffries/.rvm/gems/ruby-2.1.0/specifications/nokogiri-1.6.1.gemspec
I, [2014-03-01T21:57:08.584781 #5450]  INFO -- : 0:  rack (1.5.2) from /Users/williamjeffries/.rvm/gems/ruby-2.1.0/specifications/rack-1.5.2.gemspec
I, [2014-03-01T21:57:08.585061 #5450]  INFO -- : 0:  rack-test (0.6.2) from /Users/williamjeffries/.rvm/gems/ruby-2.1.0/specifications/rack-test-0.6.2.gemspec
I, [2014-03-01T21:57:08.585378 #5450]  INFO -- : 0:  xpath (2.0.0) from /Users/williamjeffries/.rvm/gems/ruby-2.1.0/specifications/xpath-2.0.0.gemspec
I, [2014-03-01T21:57:08.585709 #5450]  INFO -- : 0:  capybara (2.2.1) from /Users/williamjeffries/.rvm/gems/ruby-2.1.0/specifications/capybara-2.2.1.gemspec
I, [2014-03-01T21:57:08.586047 #5450]  INFO -- : 0:  coderay (1.1.0) from /Users/williamjeffries/.rvm/gems/ruby-2.1.0/specifications/coderay-1.1.0.gemspec
I, [2014-03-01T21:57:08.586441 #5450]  INFO -- : 0:  diff-lcs (1.2.5) from /Users/williamjeffries/.rvm/gems/ruby-2.1.0/specifications/diff-lcs-1.2.5.gemspec
I, [2014-03-01T21:57:08.588447 #5450]  INFO -- : 0:  method_source (0.8.2) from /Users/williamjeffries/.rvm/gems/ruby-2.1.0/specifications/method_source-0.8.2.gemspec
I, [2014-03-01T21:57:08.588720 #5450]  INFO -- : 0:  slop (3.4.7) from /Users/williamjeffries/.rvm/gems/ruby-2.1.0/specifications/slop-3.4.7.gemspec
I, [2014-03-01T21:57:08.588925 #5450]  INFO -- : 0:  pry (0.9.12.6) from /Users/williamjeffries/.rvm/gems/ruby-2.1.0/specifications/pry-0.9.12.6.gemspec
I, [2014-03-01T21:57:08.589126 #5450]  INFO -- : 0:  pry-nav (0.2.3) from /Users/williamjeffries/.rvm/gems/ruby-2.1.0/specifications/pry-nav-0.2.3.gemspec
I, [2014-03-01T21:57:08.589341 #5450]  INFO -- : 0:  rack-protection (1.5.2) from /Users/williamjeffries/.rvm/gems/ruby-2.1.0/specifications/rack-protection-1.5.2.gemspec
I, [2014-03-01T21:57:08.589558 #5450]  INFO -- : 0:  rspec-core (2.14.8) from /Users/williamjeffries/.rvm/gems/ruby-2.1.0/specifications/rspec-core-2.14.8.gemspec
I, [2014-03-01T21:57:08.589778 #5450]  INFO -- : 0:  rspec-expectations (2.14.5) from /Users/williamjeffries/.rvm/gems/ruby-2.1.0/specifications/rspec-expectations-2.14.5.gemspec
I, [2014-03-01T21:57:08.590126 #5450]  INFO -- : 0:  rspec-mocks (2.14.6) from /Users/williamjeffries/.rvm/gems/ruby-2.1.0/specifications/rspec-mocks-2.14.6.gemspec
I, [2014-03-01T21:57:08.590360 #5450]  INFO -- : 0:  rspec (2.14.1) from /Users/williamjeffries/.rvm/gems/ruby-2.1.0/specifications/rspec-2.14.1.gemspec
I, [2014-03-01T21:57:08.590572 #5450]  INFO -- : 0:  tilt (1.4.1) from /Users/williamjeffries/.rvm/gems/ruby-2.1.0/specifications/tilt-1.4.1.gemspec
I, [2014-03-01T21:57:08.590778 #5450]  INFO -- : 0:  sinatra (1.4.4) from /Users/williamjeffries/.rvm/gems/ruby-2.1.0/specifications/sinatra-1.4.4.gemspec
I, [2014-03-01T21:57:08.590984 #5450]  INFO -- : 0:  sqlite3 (1.3.9) from /Users/williamjeffries/.rvm/gems/ruby-2.1.0/specifications/sqlite3-1.3.9.gemspec
I, [2014-03-01T21:57:08.591178 #5450]  INFO -- : 0:  bundler (1.5.1) from /Users/williamjeffries/.rvm/gems/ruby-2.1.0@global/specifications/bundler-1.5.1.gemspec
I, [2014-03-01T22:51:54.376710 #5951]  INFO -- : 0:  i18n (0.6.9) from /Users/williamjeffries/.rvm/gems/ruby-2.1.0/specifications/i18n-0.6.9.gemspec
I, [2014-03-01T22:51:54.377023 #5951]  INFO -- : 0:  minitest (4.7.5) from /Users/williamjeffries/.rvm/rubies/ruby-2.1.0/lib/ruby/gems/2.1.0/specifications/default/minitest-4.7.5.gemspec
I, [2014-03-01T22:51:54.377272 #5951]  INFO -- : 0:  multi_json (1.8.4) from /Users/williamjeffries/.rvm/gems/ruby-2.1.0/specifications/multi_json-1.8.4.gemspec
I, [2014-03-01T22:51:54.377490 #5951]  INFO -- : 0:  atomic (1.1.15) from /Users/williamjeffries/.rvm/gems/ruby-2.1.0/specifications/atomic-1.1.15.gemspec
I, [2014-03-01T22:51:54.377708 #5951]  INFO -- : 0:  thread_safe (0.2.0) from /Users/williamjeffries/.rvm/gems/ruby-2.1.0/specifications/thread_safe-0.2.0.gemspec
I, [2014-03-01T22:51:54.377937 #5951]  INFO -- : 0:  tzinfo (0.3.38) from /Users/williamjeffries/.rvm/gems/ruby-2.1.0/specifications/tzinfo-0.3.38.gemspec
I, [2014-03-01T22:51:54.378154 #5951]  INFO -- : 0:  activesupport (4.0.3) from /Users/williamjeffries/.rvm/gems/ruby-2.1.0/specifications/activesupport-4.0.3.gemspec
I, [2014-03-01T22:51:54.378383 #5951]  INFO -- : 0:  builder (3.1.4) from /Users/williamjeffries/.rvm/gems/ruby-2.1.0/specifications/builder-3.1.4.gemspec
I, [2014-03-01T22:51:54.378587 #5951]  INFO -- : 0:  activemodel (4.0.3) from /Users/williamjeffries/.rvm/gems/ruby-2.1.0/specifications/activemodel-4.0.3.gemspec
I, [2014-03-01T22:51:54.378818 #5951]  INFO -- : 0:  activerecord-deprecated_finders (1.0.3) from /Users/williamjeffries/.rvm/gems/ruby-2.1.0/specifications/activerecord-deprecated_finders-1.0.3.gemspec
I, [2014-03-01T22:51:54.379161 #5951]  INFO -- : 0:  arel (4.0.2) from /Users/williamjeffries/.rvm/gems/ruby-2.1.0/specifications/arel-4.0.2.gemspec
I, [2014-03-01T22:51:54.379823 #5951]  INFO -- : 0:  activerecord (4.0.3) from /Users/williamjeffries/.rvm/gems/ruby-2.1.0/specifications/activerecord-4.0.3.gemspec
I, [2014-03-01T22:51:54.380531 #5951]  INFO -- : 0:  mime-types (2.1) from /Users/williamjeffries/.rvm/gems/ruby-2.1.0/specifications/mime-types-2.1.gemspec
I, [2014-03-01T22:51:54.381053 #5951]  INFO -- : 0:  mini_portile (0.5.2) from /Users/williamjeffries/.rvm/gems/ruby-2.1.0/specifications/mini_portile-0.5.2.gemspec
I, [2014-03-01T22:51:54.381660 #5951]  INFO -- : 0:  nokogiri (1.6.1) from /Users/williamjeffries/.rvm/gems/ruby-2.1.0/specifications/nokogiri-1.6.1.gemspec
I, [2014-03-01T22:51:54.382330 #5951]  INFO -- : 0:  rack (1.5.2) from /Users/williamjeffries/.rvm/gems/ruby-2.1.0/specifications/rack-1.5.2.gemspec
I, [2014-03-01T22:51:54.382842 #5951]  INFO -- : 0:  rack-test (0.6.2) from /Users/williamjeffries/.rvm/gems/ruby-2.1.0/specifications/rack-test-0.6.2.gemspec
I, [2014-03-01T22:51:54.383216 #5951]  INFO -- : 0:  xpath (2.0.0) from /Users/williamjeffries/.rvm/gems/ruby-2.1.0/specifications/xpath-2.0.0.gemspec
I, [2014-03-01T22:51:54.383633 #5951]  INFO -- : 0:  capybara (2.2.1) from /Users/williamjeffries/.rvm/gems/ruby-2.1.0/specifications/capybara-2.2.1.gemspec
I, [2014-03-01T22:51:54.386591 #5951]  INFO -- : 0:  chartkick (1.2.2) from /Users/williamjeffries/.rvm/gems/ruby-2.1.0/specifications/chartkick-1.2.2.gemspec
I, [2014-03-01T22:51:54.387006 #5951]  INFO -- : 0:  coderay (1.1.0) from /Users/williamjeffries/.rvm/gems/ruby-2.1.0/specifications/coderay-1.1.0.gemspec
I, [2014-03-01T22:51:54.387388 #5951]  INFO -- : 0:  diff-lcs (1.2.5) from /Users/williamjeffries/.rvm/gems/ruby-2.1.0/specifications/diff-lcs-1.2.5.gemspec
I, [2014-03-01T22:51:54.387772 #5951]  INFO -- : 0:  method_source (0.8.2) from /Users/williamjeffries/.rvm/gems/ruby-2.1.0/specifications/method_source-0.8.2.gemspec
I, [2014-03-01T22:51:54.388152 #5951]  INFO -- : 0:  slop (3.4.7) from /Users/williamjeffries/.rvm/gems/ruby-2.1.0/specifications/slop-3.4.7.gemspec
I, [2014-03-01T22:51:54.388569 #5951]  INFO -- : 0:  pry (0.9.12.6) from /Users/williamjeffries/.rvm/gems/ruby-2.1.0/specifications/pry-0.9.12.6.gemspec
I, [2014-03-01T22:51:54.388933 #5951]  INFO -- : 0:  pry-nav (0.2.3) from /Users/williamjeffries/.rvm/gems/ruby-2.1.0/specifications/pry-nav-0.2.3.gemspec
I, [2014-03-01T22:51:54.389318 #5951]  INFO -- : 0:  rack-protection (1.5.2) from /Users/williamjeffries/.rvm/gems/ruby-2.1.0/specifications/rack-protection-1.5.2.gemspec
I, [2014-03-01T22:51:54.389703 #5951]  INFO -- : 0:  rspec-core (2.14.8) from /Users/williamjeffries/.rvm/gems/ruby-2.1.0/specifications/rspec-core-2.14.8.gemspec
I, [2014-03-01T22:51:54.390165 #5951]  INFO -- : 0:  rspec-expectations (2.14.5) from /Users/williamjeffries/.rvm/gems/ruby-2.1.0/specifications/rspec-expectations-2.14.5.gemspec
I, [2014-03-01T22:51:54.390468 #5951]  INFO -- : 0:  rspec-mocks (2.14.6) from /Users/williamjeffries/.rvm/gems/ruby-2.1.0/specifications/rspec-mocks-2.14.6.gemspec
I, [2014-03-01T22:51:54.390723 #5951]  INFO -- : 0:  rspec (2.14.1) from /Users/williamjeffries/.rvm/gems/ruby-2.1.0/specifications/rspec-2.14.1.gemspec
I, [2014-03-01T22:51:54.390992 #5951]  INFO -- : 0:  tilt (1.4.1) from /Users/williamjeffries/.rvm/gems/ruby-2.1.0/specifications/tilt-1.4.1.gemspec
I, [2014-03-01T22:51:54.391249 #5951]  INFO -- : 0:  sinatra (1.4.4) from /Users/williamjeffries/.rvm/gems/ruby-2.1.0/specifications/sinatra-1.4.4.gemspec
I, [2014-03-01T22:51:54.391502 #5951]  INFO -- : 0:  sqlite3 (1.3.9) from /Users/williamjeffries/.rvm/gems/ruby-2.1.0/specifications/sqlite3-1.3.9.gemspec
I, [2014-03-01T22:51:54.391764 #5951]  INFO -- : 0:  bundler (1.5.1) from /Users/williamjeffries/.rvm/gems/ruby-2.1.0@global/specifications/bundler-1.5.1.gemspec
I, [2014-03-01T22:55:21.688442 #5972]  INFO -- : 0:  rake (10.1.1) from /Users/williamjeffries/.rvm/gems/ruby-2.1.0/specifications/rake-10.1.1.gemspec
I, [2014-03-01T22:55:21.688776 #5972]  INFO -- : 0:  i18n (0.6.9) from /Users/williamjeffries/.rvm/gems/ruby-2.1.0/specifications/i18n-0.6.9.gemspec
I, [2014-03-01T22:55:21.689045 #5972]  INFO -- : 0:  minitest (4.7.5) from /Users/williamjeffries/.rvm/rubies/ruby-2.1.0/lib/ruby/gems/2.1.0/specifications/default/minitest-4.7.5.gemspec
I, [2014-03-01T22:55:21.689314 #5972]  INFO -- : 0:  multi_json (1.8.4) from /Users/williamjeffries/.rvm/gems/ruby-2.1.0/specifications/multi_json-1.8.4.gemspec
I, [2014-03-01T22:55:21.689600 #5972]  INFO -- : 0:  atomic (1.1.15) from /Users/williamjeffries/.rvm/gems/ruby-2.1.0/specifications/atomic-1.1.15.gemspec
I, [2014-03-01T22:55:21.689872 #5972]  INFO -- : 0:  thread_safe (0.2.0) from /Users/williamjeffries/.rvm/gems/ruby-2.1.0/specifications/thread_safe-0.2.0.gemspec
I, [2014-03-01T22:55:21.690122 #5972]  INFO -- : 0:  tzinfo (0.3.38) from /Users/williamjeffries/.rvm/gems/ruby-2.1.0/specifications/tzinfo-0.3.38.gemspec
I, [2014-03-01T22:55:21.690387 #5972]  INFO -- : 0:  activesupport (4.0.3) from /Users/williamjeffries/.rvm/gems/ruby-2.1.0/specifications/activesupport-4.0.3.gemspec
I, [2014-03-01T22:55:21.690653 #5972]  INFO -- : 0:  builder (3.1.4) from /Users/williamjeffries/.rvm/gems/ruby-2.1.0/specifications/builder-3.1.4.gemspec
I, [2014-03-01T22:55:21.690922 #5972]  INFO -- : 0:  activemodel (4.0.3) from /Users/williamjeffries/.rvm/gems/ruby-2.1.0/specifications/activemodel-4.0.3.gemspec
I, [2014-03-01T22:55:21.691183 #5972]  INFO -- : 0:  activerecord-deprecated_finders (1.0.3) from /Users/williamjeffries/.rvm/gems/ruby-2.1.0/specifications/activerecord-deprecated_finders-1.0.3.gemspec
I, [2014-03-01T22:55:21.691461 #5972]  INFO -- : 0:  arel (4.0.2) from /Users/williamjeffries/.rvm/gems/ruby-2.1.0/specifications/arel-4.0.2.gemspec
I, [2014-03-01T22:55:21.691723 #5972]  INFO -- : 0:  activerecord (4.0.3) from /Users/williamjeffries/.rvm/gems/ruby-2.1.0/specifications/activerecord-4.0.3.gemspec
I, [2014-03-01T22:55:21.691984 #5972]  INFO -- : 0:  backports (3.6.0) from /Users/williamjeffries/.rvm/gems/ruby-2.1.0/specifications/backports-3.6.0.gemspec
I, [2014-03-01T22:55:21.692246 #5972]  INFO -- : 0:  mime-types (2.1) from /Users/williamjeffries/.rvm/gems/ruby-2.1.0/specifications/mime-types-2.1.gemspec
I, [2014-03-01T22:55:21.692496 #5972]  INFO -- : 0:  mini_portile (0.5.2) from /Users/williamjeffries/.rvm/gems/ruby-2.1.0/specifications/mini_portile-0.5.2.gemspec
I, [2014-03-01T22:55:21.692984 #5972]  INFO -- : 0:  nokogiri (1.6.1) from /Users/williamjeffries/.rvm/gems/ruby-2.1.0/specifications/nokogiri-1.6.1.gemspec
I, [2014-03-01T22:55:21.694237 #5972]  INFO -- : 0:  rack (1.5.2) from /Users/williamjeffries/.rvm/gems/ruby-2.1.0/specifications/rack-1.5.2.gemspec
I, [2014-03-01T22:55:21.694761 #5972]  INFO -- : 0:  rack-test (0.6.2) from /Users/williamjeffries/.rvm/gems/ruby-2.1.0/specifications/rack-test-0.6.2.gemspec
I, [2014-03-01T22:55:21.695296 #5972]  INFO -- : 0:  xpath (2.0.0) from /Users/williamjeffries/.rvm/gems/ruby-2.1.0/specifications/xpath-2.0.0.gemspec
I, [2014-03-01T22:55:21.695885 #5972]  INFO -- : 0:  capybara (2.2.1) from /Users/williamjeffries/.rvm/gems/ruby-2.1.0/specifications/capybara-2.2.1.gemspec
I, [2014-03-01T22:55:21.696442 #5972]  INFO -- : 0:  chartkick (1.2.2) from /Users/williamjeffries/.rvm/gems/ruby-2.1.0/specifications/chartkick-1.2.2.gemspec
I, [2014-03-01T22:55:21.696866 #5972]  INFO -- : 0:  coderay (1.1.0) from /Users/williamjeffries/.rvm/gems/ruby-2.1.0/specifications/coderay-1.1.0.gemspec
I, [2014-03-01T22:55:21.697260 #5972]  INFO -- : 0:  daemons (1.1.9) from /Users/williamjeffries/.rvm/gems/ruby-2.1.0/specifications/daemons-1.1.9.gemspec
I, [2014-03-01T22:55:21.697661 #5972]  INFO -- : 0:  diff-lcs (1.2.5) from /Users/williamjeffries/.rvm/gems/ruby-2.1.0/specifications/diff-lcs-1.2.5.gemspec
I, [2014-03-01T22:55:21.700018 #5972]  INFO -- : 0:  eventmachine (1.0.3) from /Users/williamjeffries/.rvm/gems/ruby-2.1.0/specifications/eventmachine-1.0.3.gemspec
I, [2014-03-01T22:55:21.700396 #5972]  INFO -- : 0:  json (1.8.1) from /Users/williamjeffries/.rvm/rubies/ruby-2.1.0/lib/ruby/gems/2.1.0/specifications/default/json-1.8.1.gemspec
I, [2014-03-01T22:55:21.700717 #5972]  INFO -- : 0:  method_source (0.8.2) from /Users/williamjeffries/.rvm/gems/ruby-2.1.0/specifications/method_source-0.8.2.gemspec
I, [2014-03-01T22:55:21.701037 #5972]  INFO -- : 0:  slop (3.4.7) from /Users/williamjeffries/.rvm/gems/ruby-2.1.0/specifications/slop-3.4.7.gemspec
I, [2014-03-01T22:55:21.701432 #5972]  INFO -- : 0:  pry (0.9.12.6) from /Users/williamjeffries/.rvm/gems/ruby-2.1.0/specifications/pry-0.9.12.6.gemspec
I, [2014-03-01T22:55:21.701787 #5972]  INFO -- : 0:  pry-nav (0.2.3) from /Users/williamjeffries/.rvm/gems/ruby-2.1.0/specifications/pry-nav-0.2.3.gemspec
I, [2014-03-01T22:55:21.702042 #5972]  INFO -- : 0:  rack-protection (1.5.2) from /Users/williamjeffries/.rvm/gems/ruby-2.1.0/specifications/rack-protection-1.5.2.gemspec
I, [2014-03-01T22:55:21.702262 #5972]  INFO -- : 0:  rspec-core (2.14.8) from /Users/williamjeffries/.rvm/gems/ruby-2.1.0/specifications/rspec-core-2.14.8.gemspec
I, [2014-03-01T22:55:21.702476 #5972]  INFO -- : 0:  rspec-expectations (2.14.5) from /Users/williamjeffries/.rvm/gems/ruby-2.1.0/specifications/rspec-expectations-2.14.5.gemspec
I, [2014-03-01T22:55:21.702690 #5972]  INFO -- : 0:  rspec-mocks (2.14.6) from /Users/williamjeffries/.rvm/gems/ruby-2.1.0/specifications/rspec-mocks-2.14.6.gemspec
I, [2014-03-01T22:55:21.702895 #5972]  INFO -- : 0:  rspec (2.14.1) from /Users/williamjeffries/.rvm/gems/ruby-2.1.0/specifications/rspec-2.14.1.gemspec
I, [2014-03-01T22:55:21.703121 #5972]  INFO -- : 0:  tilt (1.4.1) from /Users/williamjeffries/.rvm/gems/ruby-2.1.0/specifications/tilt-1.4.1.gemspec
I, [2014-03-01T22:55:21.703336 #5972]  INFO -- : 0:  sinatra (1.4.4) from /Users/williamjeffries/.rvm/gems/ruby-2.1.0/specifications/sinatra-1.4.4.gemspec
I, [2014-03-01T22:55:21.703574 #5972]  INFO -- : 0:  sinatra-activerecord (1.3.0) from /Users/williamjeffries/.rvm/gems/ruby-2.1.0/specifications/sinatra-activerecord-1.3.0.gemspec
I, [2014-03-01T22:55:21.703794 #5972]  INFO -- : 0:  sinatra-contrib (1.4.2) from /Users/williamjeffries/.rvm/gems/ruby-2.1.0/specifications/sinatra-contrib-1.4.2.gemspec
I, [2014-03-01T22:55:21.704013 #5972]  INFO -- : 0:  sinatra-reloader (1.0) from /Users/williamjeffries/.rvm/gems/ruby-2.1.0/specifications/sinatra-reloader-1.0.gemspec
I, [2014-03-01T22:55:21.704220 #5972]  INFO -- : 0:  sqlite3 (1.3.9) from /Users/williamjeffries/.rvm/gems/ruby-2.1.0/specifications/sqlite3-1.3.9.gemspec
I, [2014-03-01T22:55:21.704465 #5972]  INFO -- : 0:  thin (1.6.1) from /Users/williamjeffries/.rvm/gems/ruby-2.1.0/specifications/thin-1.6.1.gemspec
I, [2014-03-01T22:55:21.704672 #5972]  INFO -- : 0:  bundler (1.5.1) from /Users/williamjeffries/.rvm/gems/ruby-2.1.0@global/specifications/bundler-1.5.1.gemspec
I, [2014-03-02T18:38:30.132602 #9309]  INFO -- : 0:  rake (10.1.1) from /Users/williamjeffries/.rvm/gems/ruby-2.1.0/specifications/rake-10.1.1.gemspec
I, [2014-03-02T18:38:30.132937 #9309]  INFO -- : 0:  i18n (0.6.9) from /Users/williamjeffries/.rvm/gems/ruby-2.1.0/specifications/i18n-0.6.9.gemspec
I, [2014-03-02T18:38:30.133145 #9309]  INFO -- : 0:  minitest (4.7.5) from /Users/williamjeffries/.rvm/rubies/ruby-2.1.0/lib/ruby/gems/2.1.0/specifications/default/minitest-4.7.5.gemspec
I, [2014-03-02T18:38:30.133356 #9309]  INFO -- : 0:  multi_json (1.8.4) from /Users/williamjeffries/.rvm/gems/ruby-2.1.0/specifications/multi_json-1.8.4.gemspec
I, [2014-03-02T18:38:30.133567 #9309]  INFO -- : 0:  atomic (1.1.15) from /Users/williamjeffries/.rvm/gems/ruby-2.1.0/specifications/atomic-1.1.15.gemspec
I, [2014-03-02T18:38:30.133770 #9309]  INFO -- : 0:  thread_safe (0.2.0) from /Users/williamjeffries/.rvm/gems/ruby-2.1.0/specifications/thread_safe-0.2.0.gemspec
I, [2014-03-02T18:38:30.133988 #9309]  INFO -- : 0:  tzinfo (0.3.38) from /Users/williamjeffries/.rvm/gems/ruby-2.1.0/specifications/tzinfo-0.3.38.gemspec
I, [2014-03-02T18:38:30.134211 #9309]  INFO -- : 0:  activesupport (4.0.3) from /Users/williamjeffries/.rvm/gems/ruby-2.1.0/specifications/activesupport-4.0.3.gemspec
I, [2014-03-02T18:38:30.134434 #9309]  INFO -- : 0:  builder (3.1.4) from /Users/williamjeffries/.rvm/gems/ruby-2.1.0/specifications/builder-3.1.4.gemspec
I, [2014-03-02T18:38:30.134636 #9309]  INFO -- : 0:  activemodel (4.0.3) from /Users/williamjeffries/.rvm/gems/ruby-2.1.0/specifications/activemodel-4.0.3.gemspec
I, [2014-03-02T18:38:30.134851 #9309]  INFO -- : 0:  activerecord-deprecated_finders (1.0.3) from /Users/williamjeffries/.rvm/gems/ruby-2.1.0/specifications/activerecord-deprecated_finders-1.0.3.gemspec
I, [2014-03-02T18:38:30.135077 #9309]  INFO -- : 0:  arel (4.0.2) from /Users/williamjeffries/.rvm/gems/ruby-2.1.0/specifications/arel-4.0.2.gemspec
I, [2014-03-02T18:38:30.135281 #9309]  INFO -- : 0:  activerecord (4.0.3) from /Users/williamjeffries/.rvm/gems/ruby-2.1.0/specifications/activerecord-4.0.3.gemspec
I, [2014-03-02T18:38:30.135505 #9309]  INFO -- : 0:  backports (3.6.0) from /Users/williamjeffries/.rvm/gems/ruby-2.1.0/specifications/backports-3.6.0.gemspec
I, [2014-03-02T18:38:30.135712 #9309]  INFO -- : 0:  mime-types (2.1) from /Users/williamjeffries/.rvm/gems/ruby-2.1.0/specifications/mime-types-2.1.gemspec
I, [2014-03-02T18:38:30.135906 #9309]  INFO -- : 0:  mini_portile (0.5.2) from /Users/williamjeffries/.rvm/gems/ruby-2.1.0/specifications/mini_portile-0.5.2.gemspec
I, [2014-03-02T18:38:30.136131 #9309]  INFO -- : 0:  nokogiri (1.6.1) from /Users/williamjeffries/.rvm/gems/ruby-2.1.0/specifications/nokogiri-1.6.1.gemspec
I, [2014-03-02T18:38:30.136339 #9309]  INFO -- : 0:  rack (1.5.2) from /Users/williamjeffries/.rvm/gems/ruby-2.1.0/specifications/rack-1.5.2.gemspec
I, [2014-03-02T18:38:30.136551 #9309]  INFO -- : 0:  rack-test (0.6.2) from /Users/williamjeffries/.rvm/gems/ruby-2.1.0/specifications/rack-test-0.6.2.gemspec
I, [2014-03-02T18:38:30.136744 #9309]  INFO -- : 0:  xpath (2.0.0) from /Users/williamjeffries/.rvm/gems/ruby-2.1.0/specifications/xpath-2.0.0.gemspec
I, [2014-03-02T18:38:30.136997 #9309]  INFO -- : 0:  capybara (2.2.1) from /Users/williamjeffries/.rvm/gems/ruby-2.1.0/specifications/capybara-2.2.1.gemspec
I, [2014-03-02T18:38:30.137189 #9309]  INFO -- : 0:  chartkick (1.2.2) from /Users/williamjeffries/.rvm/gems/ruby-2.1.0/specifications/chartkick-1.2.2.gemspec
I, [2014-03-02T18:38:30.137399 #9309]  INFO -- : 0:  coderay (1.1.0) from /Users/williamjeffries/.rvm/gems/ruby-2.1.0/specifications/coderay-1.1.0.gemspec
I, [2014-03-02T18:38:30.137610 #9309]  INFO -- : 0:  daemons (1.1.9) from /Users/williamjeffries/.rvm/gems/ruby-2.1.0/specifications/daemons-1.1.9.gemspec
I, [2014-03-02T18:38:30.137814 #9309]  INFO -- : 0:  diff-lcs (1.2.5) from /Users/williamjeffries/.rvm/gems/ruby-2.1.0/specifications/diff-lcs-1.2.5.gemspec
I, [2014-03-02T18:38:30.138027 #9309]  INFO -- : 0:  eventmachine (1.0.3) from /Users/williamjeffries/.rvm/gems/ruby-2.1.0/specifications/eventmachine-1.0.3.gemspec
I, [2014-03-02T18:38:30.138240 #9309]  INFO -- : 0:  json (1.8.1) from /Users/williamjeffries/.rvm/rubies/ruby-2.1.0/lib/ruby/gems/2.1.0/specifications/default/json-1.8.1.gemspec
I, [2014-03-02T18:38:30.138436 #9309]  INFO -- : 0:  method_source (0.8.2) from /Users/williamjeffries/.rvm/gems/ruby-2.1.0/specifications/method_source-0.8.2.gemspec
I, [2014-03-02T18:38:30.138650 #9309]  INFO -- : 0:  slop (3.4.7) from /Users/williamjeffries/.rvm/gems/ruby-2.1.0/specifications/slop-3.4.7.gemspec
I, [2014-03-02T18:38:30.138879 #9309]  INFO -- : 0:  pry (0.9.12.6) from /Users/williamjeffries/.rvm/gems/ruby-2.1.0/specifications/pry-0.9.12.6.gemspec
I, [2014-03-02T18:38:30.139074 #9309]  INFO -- : 0:  pry-nav (0.2.3) from /Users/williamjeffries/.rvm/gems/ruby-2.1.0/specifications/pry-nav-0.2.3.gemspec
I, [2014-03-02T18:38:30.139289 #9309]  INFO -- : 0:  rack-protection (1.5.2) from /Users/williamjeffries/.rvm/gems/ruby-2.1.0/specifications/rack-protection-1.5.2.gemspec
I, [2014-03-02T18:38:30.139516 #9309]  INFO -- : 0:  rspec-core (2.14.8) from /Users/williamjeffries/.rvm/gems/ruby-2.1.0/specifications/rspec-core-2.14.8.gemspec
I, [2014-03-02T18:38:30.139727 #9309]  INFO -- : 0:  rspec-expectations (2.14.5) from /Users/williamjeffries/.rvm/gems/ruby-2.1.0/specifications/rspec-expectations-2.14.5.gemspec
I, [2014-03-02T18:38:30.139954 #9309]  INFO -- : 0:  rspec-mocks (2.14.6) from /Users/williamjeffries/.rvm/gems/ruby-2.1.0/specifications/rspec-mocks-2.14.6.gemspec
I, [2014-03-02T18:38:30.140149 #9309]  INFO -- : 0:  rspec (2.14.1) from /Users/williamjeffries/.rvm/gems/ruby-2.1.0/specifications/rspec-2.14.1.gemspec
I, [2014-03-02T18:38:30.140368 #9309]  INFO -- : 0:  shotgun (0.9) from /Users/williamjeffries/.rvm/gems/ruby-2.1.0/specifications/shotgun-0.9.gemspec
I, [2014-03-02T18:38:30.140570 #9309]  INFO -- : 0:  tilt (1.4.1) from /Users/williamjeffries/.rvm/gems/ruby-2.1.0/specifications/tilt-1.4.1.gemspec
I, [2014-03-02T18:38:30.140762 #9309]  INFO -- : 0:  sinatra (1.4.4) from /Users/williamjeffries/.rvm/gems/ruby-2.1.0/specifications/sinatra-1.4.4.gemspec
I, [2014-03-02T18:38:30.140957 #9309]  INFO -- : 0:  sinatra-activerecord (1.3.0) from /Users/williamjeffries/.rvm/gems/ruby-2.1.0/specifications/sinatra-activerecord-1.3.0.gemspec
I, [2014-03-02T18:38:30.141182 #9309]  INFO -- : 0:  sinatra-contrib (1.4.2) from /Users/williamjeffries/.rvm/gems/ruby-2.1.0/specifications/sinatra-contrib-1.4.2.gemspec
I, [2014-03-02T18:38:30.141423 #9309]  INFO -- : 0:  sinatra-reloader (1.0) from /Users/williamjeffries/.rvm/gems/ruby-2.1.0/specifications/sinatra-reloader-1.0.gemspec
I, [2014-03-02T18:38:30.141641 #9309]  INFO -- : 0:  sqlite3 (1.3.9) from /Users/williamjeffries/.rvm/gems/ruby-2.1.0/specifications/sqlite3-1.3.9.gemspec
I, [2014-03-02T18:38:30.141849 #9309]  INFO -- : 0:  thin (1.6.1) from /Users/williamjeffries/.rvm/gems/ruby-2.1.0/specifications/thin-1.6.1.gemspec
I, [2014-03-02T18:38:30.142048 #9309]  INFO -- : 0:  bundler (1.5.1) from /Users/williamjeffries/.rvm/gems/ruby-2.1.0@global/specifications/bundler-1.5.1.gemspec
I, [2014-03-03T19:43:18.569865 #14456]  INFO -- : 0:  rake (10.1.1) from /Users/williamjeffries/.rvm/gems/ruby-2.1.0/specifications/rake-10.1.1.gemspec
I, [2014-03-03T19:43:18.578041 #14456]  INFO -- : 0:  i18n (0.6.9) from /Users/williamjeffries/.rvm/gems/ruby-2.1.0/specifications/i18n-0.6.9.gemspec
I, [2014-03-03T19:43:18.578431 #14456]  INFO -- : 0:  minitest (4.7.5) from /Users/williamjeffries/.rvm/rubies/ruby-2.1.0/lib/ruby/gems/2.1.0/specifications/default/minitest-4.7.5.gemspec
I, [2014-03-03T19:43:18.578842 #14456]  INFO -- : 0:  multi_json (1.8.4) from /Users/williamjeffries/.rvm/gems/ruby-2.1.0/specifications/multi_json-1.8.4.gemspec
I, [2014-03-03T19:43:18.579222 #14456]  INFO -- : 0:  atomic (1.1.15) from /Users/williamjeffries/.rvm/gems/ruby-2.1.0/specifications/atomic-1.1.15.gemspec
I, [2014-03-03T19:43:18.579588 #14456]  INFO -- : 0:  thread_safe (0.2.0) from /Users/williamjeffries/.rvm/gems/ruby-2.1.0/specifications/thread_safe-0.2.0.gemspec
I, [2014-03-03T19:43:18.579965 #14456]  INFO -- : 0:  tzinfo (0.3.38) from /Users/williamjeffries/.rvm/gems/ruby-2.1.0/specifications/tzinfo-0.3.38.gemspec
I, [2014-03-03T19:43:18.580333 #14456]  INFO -- : 0:  activesupport (4.0.3) from /Users/williamjeffries/.rvm/gems/ruby-2.1.0/specifications/activesupport-4.0.3.gemspec
I, [2014-03-03T19:43:18.580699 #14456]  INFO -- : 0:  builder (3.1.4) from /Users/williamjeffries/.rvm/gems/ruby-2.1.0/specifications/builder-3.1.4.gemspec
I, [2014-03-03T19:43:18.580949 #14456]  INFO -- : 0:  activemodel (4.0.3) from /Users/williamjeffries/.rvm/gems/ruby-2.1.0/specifications/activemodel-4.0.3.gemspec
I, [2014-03-03T19:43:18.581183 #14456]  INFO -- : 0:  activerecord-deprecated_finders (1.0.3) from /Users/williamjeffries/.rvm/gems/ruby-2.1.0/specifications/activerecord-deprecated_finders-1.0.3.gemspec
I, [2014-03-03T19:43:18.581420 #14456]  INFO -- : 0:  arel (4.0.2) from /Users/williamjeffries/.rvm/gems/ruby-2.1.0/specifications/arel-4.0.2.gemspec
I, [2014-03-03T19:43:18.581657 #14456]  INFO -- : 0:  activerecord (4.0.3) from /Users/williamjeffries/.rvm/gems/ruby-2.1.0/specifications/activerecord-4.0.3.gemspec
I, [2014-03-03T19:43:18.581905 #14456]  INFO -- : 0:  backports (3.6.0) from /Users/williamjeffries/.rvm/gems/ruby-2.1.0/specifications/backports-3.6.0.gemspec
I, [2014-03-03T19:43:18.582146 #14456]  INFO -- : 0:  mime-types (2.1) from /Users/williamjeffries/.rvm/gems/ruby-2.1.0/specifications/mime-types-2.1.gemspec
I, [2014-03-03T19:43:18.582374 #14456]  INFO -- : 0:  mini_portile (0.5.2) from /Users/williamjeffries/.rvm/gems/ruby-2.1.0/specifications/mini_portile-0.5.2.gemspec
I, [2014-03-03T19:43:18.582635 #14456]  INFO -- : 0:  nokogiri (1.6.1) from /Users/williamjeffries/.rvm/gems/ruby-2.1.0/specifications/nokogiri-1.6.1.gemspec
I, [2014-03-03T19:43:18.582869 #14456]  INFO -- : 0:  rack (1.5.2) from /Users/williamjeffries/.rvm/gems/ruby-2.1.0/specifications/rack-1.5.2.gemspec
I, [2014-03-03T19:43:18.583106 #14456]  INFO -- : 0:  rack-test (0.6.2) from /Users/williamjeffries/.rvm/gems/ruby-2.1.0/specifications/rack-test-0.6.2.gemspec
I, [2014-03-03T19:43:18.583348 #14456]  INFO -- : 0:  xpath (2.0.0) from /Users/williamjeffries/.rvm/gems/ruby-2.1.0/specifications/xpath-2.0.0.gemspec
I, [2014-03-03T19:43:18.583583 #14456]  INFO -- : 0:  capybara (2.2.1) from /Users/williamjeffries/.rvm/gems/ruby-2.1.0/specifications/capybara-2.2.1.gemspec
I, [2014-03-03T19:43:18.583825 #14456]  INFO -- : 0:  chartkick (1.2.2) from /Users/williamjeffries/.rvm/gems/ruby-2.1.0/specifications/chartkick-1.2.2.gemspec
I, [2014-03-03T19:43:18.584059 #14456]  INFO -- : 0:  ffi (1.9.3) from /Users/williamjeffries/.rvm/gems/ruby-2.1.0/specifications/ffi-1.9.3.gemspec
I, [2014-03-03T19:43:20.532580 #14456]  INFO -- : 0:  childprocess (0.5.1) from /Users/williamjeffries/.rvm/gems/ruby-2.1.0/specifications/childprocess-0.5.1.gemspec
I, [2014-03-03T19:43:20.533042 #14456]  INFO -- : 0:  coderay (1.1.0) from /Users/williamjeffries/.rvm/gems/ruby-2.1.0/specifications/coderay-1.1.0.gemspec
I, [2014-03-03T19:43:20.533307 #14456]  INFO -- : 0:  daemons (1.1.9) from /Users/williamjeffries/.rvm/gems/ruby-2.1.0/specifications/daemons-1.1.9.gemspec
I, [2014-03-03T19:43:20.533559 #14456]  INFO -- : 0:  diff-lcs (1.2.5) from /Users/williamjeffries/.rvm/gems/ruby-2.1.0/specifications/diff-lcs-1.2.5.gemspec
I, [2014-03-03T19:43:20.533818 #14456]  INFO -- : 0:  eventmachine (1.0.3) from /Users/williamjeffries/.rvm/gems/ruby-2.1.0/specifications/eventmachine-1.0.3.gemspec
I, [2014-03-03T19:43:20.534070 #14456]  INFO -- : 0:  json (1.8.1) from /Users/williamjeffries/.rvm/rubies/ruby-2.1.0/lib/ruby/gems/2.1.0/specifications/default/json-1.8.1.gemspec
I, [2014-03-03T19:43:20.534314 #14456]  INFO -- : 0:  method_source (0.8.2) from /Users/williamjeffries/.rvm/gems/ruby-2.1.0/specifications/method_source-0.8.2.gemspec
I, [2014-03-03T19:43:20.534567 #14456]  INFO -- : 0:  slop (3.4.7) from /Users/williamjeffries/.rvm/gems/ruby-2.1.0/specifications/slop-3.4.7.gemspec
I, [2014-03-03T19:43:20.534809 #14456]  INFO -- : 0:  pry (0.9.12.6) from /Users/williamjeffries/.rvm/gems/ruby-2.1.0/specifications/pry-0.9.12.6.gemspec
I, [2014-03-03T19:43:20.535073 #14456]  INFO -- : 0:  pry-nav (0.2.3) from /Users/williamjeffries/.rvm/gems/ruby-2.1.0/specifications/pry-nav-0.2.3.gemspec
I, [2014-03-03T19:43:20.535337 #14456]  INFO -- : 0:  rack-protection (1.5.2) from /Users/williamjeffries/.rvm/gems/ruby-2.1.0/specifications/rack-protection-1.5.2.gemspec
I, [2014-03-03T19:43:20.535597 #14456]  INFO -- : 0:  rspec-core (2.14.8) from /Users/williamjeffries/.rvm/gems/ruby-2.1.0/specifications/rspec-core-2.14.8.gemspec
I, [2014-03-03T19:43:20.535838 #14456]  INFO -- : 0:  rspec-expectations (2.14.5) from /Users/williamjeffries/.rvm/gems/ruby-2.1.0/specifications/rspec-expectations-2.14.5.gemspec
I, [2014-03-03T19:43:20.536101 #14456]  INFO -- : 0:  rspec-mocks (2.14.6) from /Users/williamjeffries/.rvm/gems/ruby-2.1.0/specifications/rspec-mocks-2.14.6.gemspec
I, [2014-03-03T19:43:20.536362 #14456]  INFO -- : 0:  rspec (2.14.1) from /Users/williamjeffries/.rvm/gems/ruby-2.1.0/specifications/rspec-2.14.1.gemspec
I, [2014-03-03T19:43:21.573814 #14456]  INFO -- : 0:  rubyzip (1.1.0) from /Users/williamjeffries/.rvm/gems/ruby-2.1.0/specifications/rubyzip-1.1.0.gemspec
I, [2014-03-03T19:43:22.153183 #14456]  INFO -- : 0:  websocket (1.0.7) from /Users/williamjeffries/.rvm/gems/ruby-2.1.0/specifications/websocket-1.0.7.gemspec
I, [2014-03-03T19:43:24.819640 #14456]  INFO -- : 0:  selenium-webdriver (2.40.0) from /Users/williamjeffries/.rvm/gems/ruby-2.1.0/specifications/selenium-webdriver-2.40.0.gemspec
I, [2014-03-03T19:43:24.819960 #14456]  INFO -- : 0:  shotgun (0.9) from /Users/williamjeffries/.rvm/gems/ruby-2.1.0/specifications/shotgun-0.9.gemspec
I, [2014-03-03T19:43:24.820190 #14456]  INFO -- : 0:  tilt (1.4.1) from /Users/williamjeffries/.rvm/gems/ruby-2.1.0/specifications/tilt-1.4.1.gemspec
I, [2014-03-03T19:43:24.820395 #14456]  INFO -- : 0:  sinatra (1.4.4) from /Users/williamjeffries/.rvm/gems/ruby-2.1.0/specifications/sinatra-1.4.4.gemspec
I, [2014-03-03T19:43:24.820594 #14456]  INFO -- : 0:  sinatra-activerecord (1.3.0) from /Users/williamjeffries/.rvm/gems/ruby-2.1.0/specifications/sinatra-activerecord-1.3.0.gemspec
I, [2014-03-03T19:43:24.820790 #14456]  INFO -- : 0:  sinatra-contrib (1.4.2) from /Users/williamjeffries/.rvm/gems/ruby-2.1.0/specifications/sinatra-contrib-1.4.2.gemspec
I, [2014-03-03T19:43:24.820981 #14456]  INFO -- : 0:  sinatra-reloader (1.0) from /Users/williamjeffries/.rvm/gems/ruby-2.1.0/specifications/sinatra-reloader-1.0.gemspec
I, [2014-03-03T19:43:24.821177 #14456]  INFO -- : 0:  sqlite3 (1.3.9) from /Users/williamjeffries/.rvm/gems/ruby-2.1.0/specifications/sqlite3-1.3.9.gemspec
I, [2014-03-03T19:43:24.821375 #14456]  INFO -- : 0:  thin (1.6.1) from /Users/williamjeffries/.rvm/gems/ruby-2.1.0/specifications/thin-1.6.1.gemspec
I, [2014-03-03T19:43:24.821558 #14456]  INFO -- : 0:  bundler (1.5.1) from /Users/williamjeffries/.rvm/gems/ruby-2.1.0@global/specifications/bundler-1.5.1.gemspec
I, [2014-03-03T22:06:27.815082 #18042]  INFO -- : 0:  rake (10.1.1) from /Users/williamjeffries/.rvm/gems/ruby-2.1.0/specifications/rake-10.1.1.gemspec
I, [2014-03-03T22:06:27.815394 #18042]  INFO -- : 0:  i18n (0.6.9) from /Users/williamjeffries/.rvm/gems/ruby-2.1.0/specifications/i18n-0.6.9.gemspec
I, [2014-03-03T22:06:27.815597 #18042]  INFO -- : 0:  minitest (4.7.5) from /Users/williamjeffries/.rvm/rubies/ruby-2.1.0/lib/ruby/gems/2.1.0/specifications/default/minitest-4.7.5.gemspec
I, [2014-03-03T22:06:27.815802 #18042]  INFO -- : 0:  multi_json (1.8.4) from /Users/williamjeffries/.rvm/gems/ruby-2.1.0/specifications/multi_json-1.8.4.gemspec
I, [2014-03-03T22:06:27.815995 #18042]  INFO -- : 0:  atomic (1.1.15) from /Users/williamjeffries/.rvm/gems/ruby-2.1.0/specifications/atomic-1.1.15.gemspec
I, [2014-03-03T22:06:27.816197 #18042]  INFO -- : 0:  thread_safe (0.2.0) from /Users/williamjeffries/.rvm/gems/ruby-2.1.0/specifications/thread_safe-0.2.0.gemspec
I, [2014-03-03T22:06:27.816390 #18042]  INFO -- : 0:  tzinfo (0.3.38) from /Users/williamjeffries/.rvm/gems/ruby-2.1.0/specifications/tzinfo-0.3.38.gemspec
I, [2014-03-03T22:06:27.816595 #18042]  INFO -- : 0:  activesupport (4.0.3) from /Users/williamjeffries/.rvm/gems/ruby-2.1.0/specifications/activesupport-4.0.3.gemspec
I, [2014-03-03T22:06:27.816797 #18042]  INFO -- : 0:  builder (3.1.4) from /Users/williamjeffries/.rvm/gems/ruby-2.1.0/specifications/builder-3.1.4.gemspec
I, [2014-03-03T22:06:27.817003 #18042]  INFO -- : 0:  activemodel (4.0.3) from /Users/williamjeffries/.rvm/gems/ruby-2.1.0/specifications/activemodel-4.0.3.gemspec
I, [2014-03-03T22:06:27.817204 #18042]  INFO -- : 0:  activerecord-deprecated_finders (1.0.3) from /Users/williamjeffries/.rvm/gems/ruby-2.1.0/specifications/activerecord-deprecated_finders-1.0.3.gemspec
I, [2014-03-03T22:06:27.817404 #18042]  INFO -- : 0:  arel (4.0.2) from /Users/williamjeffries/.rvm/gems/ruby-2.1.0/specifications/arel-4.0.2.gemspec
I, [2014-03-03T22:06:27.817602 #18042]  INFO -- : 0:  activerecord (4.0.3) from /Users/williamjeffries/.rvm/gems/ruby-2.1.0/specifications/activerecord-4.0.3.gemspec
I, [2014-03-03T22:06:27.817797 #18042]  INFO -- : 0:  backports (3.6.0) from /Users/williamjeffries/.rvm/gems/ruby-2.1.0/specifications/backports-3.6.0.gemspec
I, [2014-03-03T22:06:27.817994 #18042]  INFO -- : 0:  mime-types (2.1) from /Users/williamjeffries/.rvm/gems/ruby-2.1.0/specifications/mime-types-2.1.gemspec
I, [2014-03-03T22:06:27.818187 #18042]  INFO -- : 0:  mini_portile (0.5.2) from /Users/williamjeffries/.rvm/gems/ruby-2.1.0/specifications/mini_portile-0.5.2.gemspec
I, [2014-03-03T22:06:27.818376 #18042]  INFO -- : 0:  nokogiri (1.6.1) from /Users/williamjeffries/.rvm/gems/ruby-2.1.0/specifications/nokogiri-1.6.1.gemspec
I, [2014-03-03T22:06:27.818601 #18042]  INFO -- : 0:  rack (1.5.2) from /Users/williamjeffries/.rvm/gems/ruby-2.1.0/specifications/rack-1.5.2.gemspec
I, [2014-03-03T22:06:27.818802 #18042]  INFO -- : 0:  rack-test (0.6.2) from /Users/williamjeffries/.rvm/gems/ruby-2.1.0/specifications/rack-test-0.6.2.gemspec
I, [2014-03-03T22:06:27.818996 #18042]  INFO -- : 0:  xpath (2.0.0) from /Users/williamjeffries/.rvm/gems/ruby-2.1.0/specifications/xpath-2.0.0.gemspec
I, [2014-03-03T22:06:27.819196 #18042]  INFO -- : 0:  capybara (2.2.1) from /Users/williamjeffries/.rvm/gems/ruby-2.1.0/specifications/capybara-2.2.1.gemspec
I, [2014-03-03T22:06:27.819386 #18042]  INFO -- : 0:  json (1.8.1) from /Users/williamjeffries/.rvm/rubies/ruby-2.1.0/lib/ruby/gems/2.1.0/specifications/default/json-1.8.1.gemspec
E, [2014-03-03T22:06:30.776441 #18042] ERROR -- : Gem::Ext::BuildError: ERROR: Failed to build gem native extension.

    /Users/williamjeffries/.rvm/rubies/ruby-2.1.0/bin/ruby extconf.rb 
Command 'qmake -spec macx-g++ ' not available

Makefile not found

Gem files will remain installed in /Users/williamjeffries/.rvm/gems/ruby-2.1.0/gems/capybara-webkit-1.1.0 for inspection.
Results logged to /Users/williamjeffries/.rvm/gems/ruby-2.1.0/extensions/x86_64-darwin-12/2.1.0-static/capybara-webkit-1.1.0/gem_make.out

/Users/williamjeffries/.rvm/rubies/ruby-2.1.0/lib/ruby/site_ruby/2.1.0/rubygems/ext/builder.rb:31:in `make'  \n/Users/williamjeffries/.rvm/rubies/ruby-2.1.0/lib/ruby/site_ruby/2.1.0/rubygems/ext/ext_conf_builder.rb:47:in `block in build'  \n/Users/williamjeffries/.rvm/rubies/ruby-2.1.0/lib/ruby/2.1.0/tempfile.rb:324:in `open'  \n/Users/williamjeffries/.rvm/rubies/ruby-2.1.0/lib/ruby/site_ruby/2.1.0/rubygems/ext/ext_conf_builder.rb:17:in `build'  \n/Users/williamjeffries/.rvm/rubies/ruby-2.1.0/lib/ruby/site_ruby/2.1.0/rubygems/ext/builder.rb:161:in `block (2 levels) in build_extension'  \n/Users/williamjeffries/.rvm/rubies/ruby-2.1.0/lib/ruby/site_ruby/2.1.0/rubygems/ext/builder.rb:160:in `chdir'  \n/Users/williamjeffries/.rvm/rubies/ruby-2.1.0/lib/ruby/site_ruby/2.1.0/rubygems/ext/builder.rb:160:in `block in build_extension'  \n/Users/williamjeffries/.rvm/rubies/ruby-2.1.0/lib/ruby/site_ruby/2.1.0/rubygems/ext/builder.rb:159:in `synchronize'  \n/Users/williamjeffries/.rvm/rubies/ruby-2.1.0/lib/ruby/site_ruby/2.1.0/rubygems/ext/builder.rb:159:in `build_extension'  \n/Users/williamjeffries/.rvm/rubies/ruby-2.1.0/lib/ruby/site_ruby/2.1.0/rubygems/ext/builder.rb:198:in `block in build_extensions'  \n/Users/williamjeffries/.rvm/rubies/ruby-2.1.0/lib/ruby/site_ruby/2.1.0/rubygems/ext/builder.rb:195:in `each'  \n/Users/williamjeffries/.rvm/rubies/ruby-2.1.0/lib/ruby/site_ruby/2.1.0/rubygems/ext/builder.rb:195:in `build_extensions'  \n/Users/williamjeffries/.rvm/rubies/ruby-2.1.0/lib/ruby/site_ruby/2.1.0/rubygems/installer.rb:677:in `build_extensions'  \n/Users/williamjeffries/.rvm/rubies/ruby-2.1.0/lib/ruby/site_ruby/2.1.0/rubygems/installer.rb:232:in `install'  \n/Users/williamjeffries/.rvm/gems/ruby-2.1.0@global/gems/bundler-1.5.1/lib/bundler/source/rubygems.rb:101:in `block in install'  \n/Users/williamjeffries/.rvm/gems/ruby-2.1.0@global/gems/bundler-1.5.1/lib/bundler/rubygems_integration.rb:118:in `preserve_paths'  \n/Users/williamjeffries/.rvm/gems/ruby-2.1.0@global/gems/bundler-1.5.1/lib/bundler/source/rubygems.rb:94:in `install'  \n/Users/williamjeffries/.rvm/gems/ruby-2.1.0@global/gems/bundler-1.5.1/lib/bundler/installer.rb:111:in `block in install_gem_from_spec'  \n/Users/williamjeffries/.rvm/gems/ruby-2.1.0@global/gems/bundler-1.5.1/lib/bundler/rubygems_integration.rb:150:in `with_build_args'  \n/Users/williamjeffries/.rvm/gems/ruby-2.1.0@global/gems/bundler-1.5.1/lib/bundler/installer.rb:110:in `install_gem_from_spec'  \n/Users/williamjeffries/.rvm/gems/ruby-2.1.0@global/gems/bundler-1.5.1/lib/bundler/installer.rb:295:in `block in install_sequentially'  \n/Users/williamjeffries/.rvm/rubies/ruby-2.1.0/lib/ruby/2.1.0/forwardable.rb:183:in `each'  \n/Users/williamjeffries/.rvm/rubies/ruby-2.1.0/lib/ruby/2.1.0/forwardable.rb:183:in `each'  \n/Users/williamjeffries/.rvm/gems/ruby-2.1.0@global/gems/bundler-1.5.1/lib/bundler/installer.rb:294:in `install_sequentially'  \n/Users/williamjeffries/.rvm/gems/ruby-2.1.0@global/gems/bundler-1.5.1/lib/bundler/installer.rb:97:in `run'  \n/Users/williamjeffries/.rvm/gems/ruby-2.1.0@global/gems/bundler-1.5.1/lib/bundler/installer.rb:15:in `install'  \n/Users/williamjeffries/.rvm/gems/ruby-2.1.0@global/gems/bundler-1.5.1/lib/bundler/cli.rb:257:in `install'  \n/Users/williamjeffries/.rvm/gems/ruby-2.1.0@global/gems/bundler-1.5.1/lib/bundler/vendor/thor/command.rb:27:in `run'  \n/Users/williamjeffries/.rvm/gems/ruby-2.1.0@global/gems/bundler-1.5.1/lib/bundler/vendor/thor/invocation.rb:120:in `invoke_command'  \n/Users/williamjeffries/.rvm/gems/ruby-2.1.0@global/gems/bundler-1.5.1/lib/bundler/vendor/thor.rb:363:in `dispatch'  \n/Users/williamjeffries/.rvm/gems/ruby-2.1.0@global/gems/bundler-1.5.1/lib/bundler/vendor/thor/base.rb:438:in `start'  \n/Users/williamjeffries/.rvm/gems/ruby-2.1.0@global/gems/bundler-1.5.1/lib/bundler/cli.rb:10:in `start'  \n/Users/williamjeffries/.rvm/gems/ruby-2.1.0@global/gems/bundler-1.5.1/bin/bundle:22:in `block in <top (required)>'  \n/Users/williamjeffries/.rvm/gems/ruby-2.1.0@global/gems/bundler-1.5.1/lib/bundler/friendly_errors.rb:5:in `with_friendly_errors'  \n/Users/williamjeffries/.rvm/gems/ruby-2.1.0@global/gems/bundler-1.5.1/bin/bundle:22:in `<top (required)>'  \n/Users/williamjeffries/.rvm/gems/ruby-2.1.0@global/bin/bundle:23:in `load'  \n/Users/williamjeffries/.rvm/gems/ruby-2.1.0@global/bin/bundle:23:in `<main>'  \n/Users/williamjeffries/.rvm/gems/ruby-2.1.0/bin/ruby_executable_hooks:15:in `eval'  \n/Users/williamjeffries/.rvm/gems/ruby-2.1.0/bin/ruby_executable_hooks:15:in `<main>'
I, [2014-03-03T22:13:25.757237 #18418]  INFO -- : 0:  rake (10.1.1) from /Users/williamjeffries/.rvm/gems/ruby-2.1.0/specifications/rake-10.1.1.gemspec
I, [2014-03-03T22:13:25.757542 #18418]  INFO -- : 0:  i18n (0.6.9) from /Users/williamjeffries/.rvm/gems/ruby-2.1.0/specifications/i18n-0.6.9.gemspec
I, [2014-03-03T22:13:25.757744 #18418]  INFO -- : 0:  minitest (4.7.5) from /Users/williamjeffries/.rvm/rubies/ruby-2.1.0/lib/ruby/gems/2.1.0/specifications/default/minitest-4.7.5.gemspec
I, [2014-03-03T22:13:25.757951 #18418]  INFO -- : 0:  multi_json (1.8.4) from /Users/williamjeffries/.rvm/gems/ruby-2.1.0/specifications/multi_json-1.8.4.gemspec
I, [2014-03-03T22:13:25.758152 #18418]  INFO -- : 0:  atomic (1.1.15) from /Users/williamjeffries/.rvm/gems/ruby-2.1.0/specifications/atomic-1.1.15.gemspec
I, [2014-03-03T22:13:25.758353 #18418]  INFO -- : 0:  thread_safe (0.2.0) from /Users/williamjeffries/.rvm/gems/ruby-2.1.0/specifications/thread_safe-0.2.0.gemspec
I, [2014-03-03T22:13:25.758553 #18418]  INFO -- : 0:  tzinfo (0.3.38) from /Users/williamjeffries/.rvm/gems/ruby-2.1.0/specifications/tzinfo-0.3.38.gemspec
I, [2014-03-03T22:13:25.758764 #18418]  INFO -- : 0:  activesupport (4.0.3) from /Users/williamjeffries/.rvm/gems/ruby-2.1.0/specifications/activesupport-4.0.3.gemspec
I, [2014-03-03T22:13:25.758960 #18418]  INFO -- : 0:  builder (3.1.4) from /Users/williamjeffries/.rvm/gems/ruby-2.1.0/specifications/builder-3.1.4.gemspec
I, [2014-03-03T22:13:25.759170 #18418]  INFO -- : 0:  activemodel (4.0.3) from /Users/williamjeffries/.rvm/gems/ruby-2.1.0/specifications/activemodel-4.0.3.gemspec
I, [2014-03-03T22:13:25.759361 #18418]  INFO -- : 0:  activerecord-deprecated_finders (1.0.3) from /Users/williamjeffries/.rvm/gems/ruby-2.1.0/specifications/activerecord-deprecated_finders-1.0.3.gemspec
I, [2014-03-03T22:13:25.759563 #18418]  INFO -- : 0:  arel (4.0.2) from /Users/williamjeffries/.rvm/gems/ruby-2.1.0/specifications/arel-4.0.2.gemspec
I, [2014-03-03T22:13:25.759757 #18418]  INFO -- : 0:  activerecord (4.0.3) from /Users/williamjeffries/.rvm/gems/ruby-2.1.0/specifications/activerecord-4.0.3.gemspec
I, [2014-03-03T22:13:25.759954 #18418]  INFO -- : 0:  backports (3.6.0) from /Users/williamjeffries/.rvm/gems/ruby-2.1.0/specifications/backports-3.6.0.gemspec
I, [2014-03-03T22:13:25.760170 #18418]  INFO -- : 0:  mime-types (2.1) from /Users/williamjeffries/.rvm/gems/ruby-2.1.0/specifications/mime-types-2.1.gemspec
I, [2014-03-03T22:13:25.760366 #18418]  INFO -- : 0:  mini_portile (0.5.2) from /Users/williamjeffries/.rvm/gems/ruby-2.1.0/specifications/mini_portile-0.5.2.gemspec
I, [2014-03-03T22:13:25.760556 #18418]  INFO -- : 0:  nokogiri (1.6.1) from /Users/williamjeffries/.rvm/gems/ruby-2.1.0/specifications/nokogiri-1.6.1.gemspec
I, [2014-03-03T22:13:25.760756 #18418]  INFO -- : 0:  rack (1.5.2) from /Users/williamjeffries/.rvm/gems/ruby-2.1.0/specifications/rack-1.5.2.gemspec
I, [2014-03-03T22:13:25.760958 #18418]  INFO -- : 0:  rack-test (0.6.2) from /Users/williamjeffries/.rvm/gems/ruby-2.1.0/specifications/rack-test-0.6.2.gemspec
I, [2014-03-03T22:13:25.761151 #18418]  INFO -- : 0:  xpath (2.0.0) from /Users/williamjeffries/.rvm/gems/ruby-2.1.0/specifications/xpath-2.0.0.gemspec
I, [2014-03-03T22:13:25.761350 #18418]  INFO -- : 0:  capybara (2.2.1) from /Users/williamjeffries/.rvm/gems/ruby-2.1.0/specifications/capybara-2.2.1.gemspec
I, [2014-03-03T22:13:25.761544 #18418]  INFO -- : 0:  json (1.8.1) from /Users/williamjeffries/.rvm/rubies/ruby-2.1.0/lib/ruby/gems/2.1.0/specifications/default/json-1.8.1.gemspec
E, [2014-03-03T22:13:25.922691 #18418] ERROR -- : Gem::Ext::BuildError: ERROR: Failed to build gem native extension.

    /Users/williamjeffries/.rvm/rubies/ruby-2.1.0/bin/ruby extconf.rb 
Command 'qmake -spec macx-g++ ' not available

Makefile not found

Gem files will remain installed in /Users/williamjeffries/.rvm/gems/ruby-2.1.0/gems/capybara-webkit-1.1.0 for inspection.
Results logged to /Users/williamjeffries/.rvm/gems/ruby-2.1.0/extensions/x86_64-darwin-12/2.1.0-static/capybara-webkit-1.1.0/gem_make.out

/Users/williamjeffries/.rvm/rubies/ruby-2.1.0/lib/ruby/site_ruby/2.1.0/rubygems/ext/builder.rb:31:in `make'  \n/Users/williamjeffries/.rvm/rubies/ruby-2.1.0/lib/ruby/site_ruby/2.1.0/rubygems/ext/ext_conf_builder.rb:47:in `block in build'  \n/Users/williamjeffries/.rvm/rubies/ruby-2.1.0/lib/ruby/2.1.0/tempfile.rb:324:in `open'  \n/Users/williamjeffries/.rvm/rubies/ruby-2.1.0/lib/ruby/site_ruby/2.1.0/rubygems/ext/ext_conf_builder.rb:17:in `build'  \n/Users/williamjeffries/.rvm/rubies/ruby-2.1.0/lib/ruby/site_ruby/2.1.0/rubygems/ext/builder.rb:161:in `block (2 levels) in build_extension'  \n/Users/williamjeffries/.rvm/rubies/ruby-2.1.0/lib/ruby/site_ruby/2.1.0/rubygems/ext/builder.rb:160:in `chdir'  \n/Users/williamjeffries/.rvm/rubies/ruby-2.1.0/lib/ruby/site_ruby/2.1.0/rubygems/ext/builder.rb:160:in `block in build_extension'  \n/Users/williamjeffries/.rvm/rubies/ruby-2.1.0/lib/ruby/site_ruby/2.1.0/rubygems/ext/builder.rb:159:in `synchronize'  \n/Users/williamjeffries/.rvm/rubies/ruby-2.1.0/lib/ruby/site_ruby/2.1.0/rubygems/ext/builder.rb:159:in `build_extension'  \n/Users/williamjeffries/.rvm/rubies/ruby-2.1.0/lib/ruby/site_ruby/2.1.0/rubygems/ext/builder.rb:198:in `block in build_extensions'  \n/Users/williamjeffries/.rvm/rubies/ruby-2.1.0/lib/ruby/site_ruby/2.1.0/rubygems/ext/builder.rb:195:in `each'  \n/Users/williamjeffries/.rvm/rubies/ruby-2.1.0/lib/ruby/site_ruby/2.1.0/rubygems/ext/builder.rb:195:in `build_extensions'  \n/Users/williamjeffries/.rvm/rubies/ruby-2.1.0/lib/ruby/site_ruby/2.1.0/rubygems/installer.rb:677:in `build_extensions'  \n/Users/williamjeffries/.rvm/rubies/ruby-2.1.0/lib/ruby/site_ruby/2.1.0/rubygems/installer.rb:232:in `install'  \n/Users/williamjeffries/.rvm/gems/ruby-2.1.0@global/gems/bundler-1.5.1/lib/bundler/source/rubygems.rb:101:in `block in install'  \n/Users/williamjeffries/.rvm/gems/ruby-2.1.0@global/gems/bundler-1.5.1/lib/bundler/rubygems_integration.rb:118:in `preserve_paths'  \n/Users/williamjeffries/.rvm/gems/ruby-2.1.0@global/gems/bundler-1.5.1/lib/bundler/source/rubygems.rb:94:in `install'  \n/Users/williamjeffries/.rvm/gems/ruby-2.1.0@global/gems/bundler-1.5.1/lib/bundler/installer.rb:111:in `block in install_gem_from_spec'  \n/Users/williamjeffries/.rvm/gems/ruby-2.1.0@global/gems/bundler-1.5.1/lib/bundler/rubygems_integration.rb:150:in `with_build_args'  \n/Users/williamjeffries/.rvm/gems/ruby-2.1.0@global/gems/bundler-1.5.1/lib/bundler/installer.rb:110:in `install_gem_from_spec'  \n/Users/williamjeffries/.rvm/gems/ruby-2.1.0@global/gems/bundler-1.5.1/lib/bundler/installer.rb:295:in `block in install_sequentially'  \n/Users/williamjeffries/.rvm/rubies/ruby-2.1.0/lib/ruby/2.1.0/forwardable.rb:183:in `each'  \n/Users/williamjeffries/.rvm/rubies/ruby-2.1.0/lib/ruby/2.1.0/forwardable.rb:183:in `each'  \n/Users/williamjeffries/.rvm/gems/ruby-2.1.0@global/gems/bundler-1.5.1/lib/bundler/installer.rb:294:in `install_sequentially'  \n/Users/williamjeffries/.rvm/gems/ruby-2.1.0@global/gems/bundler-1.5.1/lib/bundler/installer.rb:97:in `run'  \n/Users/williamjeffries/.rvm/gems/ruby-2.1.0@global/gems/bundler-1.5.1/lib/bundler/installer.rb:15:in `install'  \n/Users/williamjeffries/.rvm/gems/ruby-2.1.0@global/gems/bundler-1.5.1/lib/bundler/cli.rb:257:in `install'  \n/Users/williamjeffries/.rvm/gems/ruby-2.1.0@global/gems/bundler-1.5.1/lib/bundler/vendor/thor/command.rb:27:in `run'  \n/Users/williamjeffries/.rvm/gems/ruby-2.1.0@global/gems/bundler-1.5.1/lib/bundler/vendor/thor/invocation.rb:120:in `invoke_command'  \n/Users/williamjeffries/.rvm/gems/ruby-2.1.0@global/gems/bundler-1.5.1/lib/bundler/vendor/thor.rb:363:in `dispatch'  \n/Users/williamjeffries/.rvm/gems/ruby-2.1.0@global/gems/bundler-1.5.1/lib/bundler/vendor/thor/base.rb:438:in `start'  \n/Users/williamjeffries/.rvm/gems/ruby-2.1.0@global/gems/bundler-1.5.1/lib/bundler/cli.rb:10:in `start'  \n/Users/williamjeffries/.rvm/gems/ruby-2.1.0@global/gems/bundler-1.5.1/bin/bundle:22:in `block in <top (required)>'  \n/Users/williamjeffries/.rvm/gems/ruby-2.1.0@global/gems/bundler-1.5.1/lib/bundler/friendly_errors.rb:5:in `with_friendly_errors'  \n/Users/williamjeffries/.rvm/gems/ruby-2.1.0@global/gems/bundler-1.5.1/bin/bundle:22:in `<top (required)>'  \n/Users/williamjeffries/.rvm/gems/ruby-2.1.0@global/bin/bundle:23:in `load'  \n/Users/williamjeffries/.rvm/gems/ruby-2.1.0@global/bin/bundle:23:in `<main>'  \n/Users/williamjeffries/.rvm/gems/ruby-2.1.0/bin/ruby_executable_hooks:15:in `eval'  \n/Users/williamjeffries/.rvm/gems/ruby-2.1.0/bin/ruby_executable_hooks:15:in `<main>'
I, [2014-03-03T22:15:09.199774 #18529]  INFO -- : 0:  rake (10.1.1) from /Users/williamjeffries/.rvm/gems/ruby-2.1.0/specifications/rake-10.1.1.gemspec
I, [2014-03-03T22:15:09.200388 #18529]  INFO -- : 0:  i18n (0.6.9) from /Users/williamjeffries/.rvm/gems/ruby-2.1.0/specifications/i18n-0.6.9.gemspec
I, [2014-03-03T22:15:09.200911 #18529]  INFO -- : 0:  minitest (4.7.5) from /Users/williamjeffries/.rvm/rubies/ruby-2.1.0/lib/ruby/gems/2.1.0/specifications/default/minitest-4.7.5.gemspec
I, [2014-03-03T22:15:09.201335 #18529]  INFO -- : 0:  multi_json (1.8.4) from /Users/williamjeffries/.rvm/gems/ruby-2.1.0/specifications/multi_json-1.8.4.gemspec
I, [2014-03-03T22:15:09.201737 #18529]  INFO -- : 0:  atomic (1.1.15) from /Users/williamjeffries/.rvm/gems/ruby-2.1.0/specifications/atomic-1.1.15.gemspec
I, [2014-03-03T22:15:09.202227 #18529]  INFO -- : 0:  thread_safe (0.2.0) from /Users/williamjeffries/.rvm/gems/ruby-2.1.0/specifications/thread_safe-0.2.0.gemspec
I, [2014-03-03T22:15:09.202580 #18529]  INFO -- : 0:  tzinfo (0.3.38) from /Users/williamjeffries/.rvm/gems/ruby-2.1.0/specifications/tzinfo-0.3.38.gemspec
I, [2014-03-03T22:15:09.202930 #18529]  INFO -- : 0:  activesupport (4.0.3) from /Users/williamjeffries/.rvm/gems/ruby-2.1.0/specifications/activesupport-4.0.3.gemspec
I, [2014-03-03T22:15:09.203259 #18529]  INFO -- : 0:  builder (3.1.4) from /Users/williamjeffries/.rvm/gems/ruby-2.1.0/specifications/builder-3.1.4.gemspec
I, [2014-03-03T22:15:09.203604 #18529]  INFO -- : 0:  activemodel (4.0.3) from /Users/williamjeffries/.rvm/gems/ruby-2.1.0/specifications/activemodel-4.0.3.gemspec
I, [2014-03-03T22:15:09.203943 #18529]  INFO -- : 0:  activerecord-deprecated_finders (1.0.3) from /Users/williamjeffries/.rvm/gems/ruby-2.1.0/specifications/activerecord-deprecated_finders-1.0.3.gemspec
I, [2014-03-03T22:15:09.204321 #18529]  INFO -- : 0:  arel (4.0.2) from /Users/williamjeffries/.rvm/gems/ruby-2.1.0/specifications/arel-4.0.2.gemspec
I, [2014-03-03T22:15:09.204662 #18529]  INFO -- : 0:  activerecord (4.0.3) from /Users/williamjeffries/.rvm/gems/ruby-2.1.0/specifications/activerecord-4.0.3.gemspec
I, [2014-03-03T22:15:09.204967 #18529]  INFO -- : 0:  backports (3.6.0) from /Users/williamjeffries/.rvm/gems/ruby-2.1.0/specifications/backports-3.6.0.gemspec
I, [2014-03-03T22:15:09.205288 #18529]  INFO -- : 0:  mime-types (2.1) from /Users/williamjeffries/.rvm/gems/ruby-2.1.0/specifications/mime-types-2.1.gemspec
I, [2014-03-03T22:15:09.205626 #18529]  INFO -- : 0:  mini_portile (0.5.2) from /Users/williamjeffries/.rvm/gems/ruby-2.1.0/specifications/mini_portile-0.5.2.gemspec
I, [2014-03-03T22:15:09.206019 #18529]  INFO -- : 0:  nokogiri (1.6.1) from /Users/williamjeffries/.rvm/gems/ruby-2.1.0/specifications/nokogiri-1.6.1.gemspec
I, [2014-03-03T22:15:09.206285 #18529]  INFO -- : 0:  rack (1.5.2) from /Users/williamjeffries/.rvm/gems/ruby-2.1.0/specifications/rack-1.5.2.gemspec
I, [2014-03-03T22:15:09.206508 #18529]  INFO -- : 0:  rack-test (0.6.2) from /Users/williamjeffries/.rvm/gems/ruby-2.1.0/specifications/rack-test-0.6.2.gemspec
I, [2014-03-03T22:15:09.206729 #18529]  INFO -- : 0:  xpath (2.0.0) from /Users/williamjeffries/.rvm/gems/ruby-2.1.0/specifications/xpath-2.0.0.gemspec
I, [2014-03-03T22:15:09.206914 #18529]  INFO -- : 0:  capybara (2.2.1) from /Users/williamjeffries/.rvm/gems/ruby-2.1.0/specifications/capybara-2.2.1.gemspec
I, [2014-03-03T22:15:09.207104 #18529]  INFO -- : 0:  chartkick (1.2.2) from /Users/williamjeffries/.rvm/gems/ruby-2.1.0/specifications/chartkick-1.2.2.gemspec
I, [2014-03-03T22:15:09.207297 #18529]  INFO -- : 0:  ffi (1.9.3) from /Users/williamjeffries/.rvm/gems/ruby-2.1.0/specifications/ffi-1.9.3.gemspec
I, [2014-03-03T22:15:09.207494 #18529]  INFO -- : 0:  childprocess (0.5.1) from /Users/williamjeffries/.rvm/gems/ruby-2.1.0/specifications/childprocess-0.5.1.gemspec
I, [2014-03-03T22:15:09.207686 #18529]  INFO -- : 0:  cliver (0.3.2) from /Users/williamjeffries/.rvm/gems/ruby-2.1.0/specifications/cliver-0.3.2.gemspec
I, [2014-03-03T22:15:09.207877 #18529]  INFO -- : 0:  coderay (1.1.0) from /Users/williamjeffries/.rvm/gems/ruby-2.1.0/specifications/coderay-1.1.0.gemspec
I, [2014-03-03T22:15:09.208056 #18529]  INFO -- : 0:  daemons (1.1.9) from /Users/williamjeffries/.rvm/gems/ruby-2.1.0/specifications/daemons-1.1.9.gemspec
I, [2014-03-03T22:15:09.208248 #18529]  INFO -- : 0:  diff-lcs (1.2.5) from /Users/williamjeffries/.rvm/gems/ruby-2.1.0/specifications/diff-lcs-1.2.5.gemspec
I, [2014-03-03T22:15:09.208444 #18529]  INFO -- : 0:  eventmachine (1.0.3) from /Users/williamjeffries/.rvm/gems/ruby-2.1.0/specifications/eventmachine-1.0.3.gemspec
I, [2014-03-03T22:15:09.208635 #18529]  INFO -- : 0:  json (1.8.1) from /Users/williamjeffries/.rvm/rubies/ruby-2.1.0/lib/ruby/gems/2.1.0/specifications/default/json-1.8.1.gemspec
I, [2014-03-03T22:15:09.208827 #18529]  INFO -- : 0:  method_source (0.8.2) from /Users/williamjeffries/.rvm/gems/ruby-2.1.0/specifications/method_source-0.8.2.gemspec
I, [2014-03-03T22:15:09.209018 #18529]  INFO -- : 0:  websocket-driver (0.3.2) from /Users/williamjeffries/.rvm/gems/ruby-2.1.0/specifications/websocket-driver-0.3.2.gemspec
I, [2014-03-03T22:15:09.209194 #18529]  INFO -- : 0:  poltergeist (1.5.0) from /Users/williamjeffries/.rvm/gems/ruby-2.1.0/specifications/poltergeist-1.5.0.gemspec
I, [2014-03-03T22:15:09.209384 #18529]  INFO -- : 0:  slop (3.4.7) from /Users/williamjeffries/.rvm/gems/ruby-2.1.0/specifications/slop-3.4.7.gemspec
I, [2014-03-03T22:15:09.209577 #18529]  INFO -- : 0:  pry (0.9.12.6) from /Users/williamjeffries/.rvm/gems/ruby-2.1.0/specifications/pry-0.9.12.6.gemspec
I, [2014-03-03T22:15:09.209768 #18529]  INFO -- : 0:  pry-nav (0.2.3) from /Users/williamjeffries/.rvm/gems/ruby-2.1.0/specifications/pry-nav-0.2.3.gemspec
I, [2014-03-03T22:15:09.209967 #18529]  INFO -- : 0:  rack-protection (1.5.2) from /Users/williamjeffries/.rvm/gems/ruby-2.1.0/specifications/rack-protection-1.5.2.gemspec
I, [2014-03-03T22:15:09.210185 #18529]  INFO -- : 0:  rspec-core (2.14.8) from /Users/williamjeffries/.rvm/gems/ruby-2.1.0/specifications/rspec-core-2.14.8.gemspec
I, [2014-03-03T22:15:09.210366 #18529]  INFO -- : 0:  rspec-expectations (2.14.5) from /Users/williamjeffries/.rvm/gems/ruby-2.1.0/specifications/rspec-expectations-2.14.5.gemspec
I, [2014-03-03T22:15:09.210563 #18529]  INFO -- : 0:  rspec-mocks (2.14.6) from /Users/williamjeffries/.rvm/gems/ruby-2.1.0/specifications/rspec-mocks-2.14.6.gemspec
I, [2014-03-03T22:15:09.210755 #18529]  INFO -- : 0:  rspec (2.14.1) from /Users/williamjeffries/.rvm/gems/ruby-2.1.0/specifications/rspec-2.14.1.gemspec
I, [2014-03-03T22:15:09.210948 #18529]  INFO -- : 0:  rubyzip (1.1.0) from /Users/williamjeffries/.rvm/gems/ruby-2.1.0/specifications/rubyzip-1.1.0.gemspec
I, [2014-03-03T22:15:09.211140 #18529]  INFO -- : 0:  websocket (1.0.7) from /Users/williamjeffries/.rvm/gems/ruby-2.1.0/specifications/websocket-1.0.7.gemspec
I, [2014-03-03T22:15:09.211331 #18529]  INFO -- : 0:  selenium-webdriver (2.40.0) from /Users/williamjeffries/.rvm/gems/ruby-2.1.0/specifications/selenium-webdriver-2.40.0.gemspec
I, [2014-03-03T22:15:09.211507 #18529]  INFO -- : 0:  shotgun (0.9) from /Users/williamjeffries/.rvm/gems/ruby-2.1.0/specifications/shotgun-0.9.gemspec
I, [2014-03-03T22:15:09.211701 #18529]  INFO -- : 0:  tilt (1.4.1) from /Users/williamjeffries/.rvm/gems/ruby-2.1.0/specifications/tilt-1.4.1.gemspec
I, [2014-03-03T22:15:09.211903 #18529]  INFO -- : 0:  sinatra (1.4.4) from /Users/williamjeffries/.rvm/gems/ruby-2.1.0/specifications/sinatra-1.4.4.gemspec
I, [2014-03-03T22:15:09.212099 #18529]  INFO -- : 0:  sinatra-activerecord (1.3.0) from /Users/williamjeffries/.rvm/gems/ruby-2.1.0/specifications/sinatra-activerecord-1.3.0.gemspec
I, [2014-03-03T22:15:09.212309 #18529]  INFO -- : 0:  sinatra-contrib (1.4.2) from /Users/williamjeffries/.rvm/gems/ruby-2.1.0/specifications/sinatra-contrib-1.4.2.gemspec
I, [2014-03-03T22:15:09.212503 #18529]  INFO -- : 0:  sinatra-reloader (1.0) from /Users/williamjeffries/.rvm/gems/ruby-2.1.0/specifications/sinatra-reloader-1.0.gemspec
I, [2014-03-03T22:15:09.212688 #18529]  INFO -- : 0:  sqlite3 (1.3.9) from /Users/williamjeffries/.rvm/gems/ruby-2.1.0/specifications/sqlite3-1.3.9.gemspec
I, [2014-03-03T22:15:09.212886 #18529]  INFO -- : 0:  thin (1.6.1) from /Users/williamjeffries/.rvm/gems/ruby-2.1.0/specifications/thin-1.6.1.gemspec
I, [2014-03-03T22:15:09.213103 #18529]  INFO -- : 0:  bundler (1.5.1) from /Users/williamjeffries/.rvm/gems/ruby-2.1.0@global/specifications/bundler-1.5.1.gemspec
